--------------------------------------------------------------------------------
Makelog started: 2024-02-12 00:47:00
Working directory: /Users/jccp/Desktop/template/data
--------------------------------------------------------------------------------
Input links successfully created!
External links successfully created!
Source logs successfully written!
Version logs successfully written!
Executing command: `Rscript --no-save "/Users/jccp/Desktop/template/data/code/simulate_data.R"`
── Attaching core tidyverse packages ──────────────────────── tidyverse 2.0.0 ──
✔ dplyr     1.1.4     ✔ readr     2.1.5
✔ forcats   1.0.0     ✔ stringr   1.5.1
✔ ggplot2   3.4.4     ✔ tibble    3.2.1
✔ lubridate 1.9.3     ✔ tidyr     1.3.1
✔ purrr     1.0.2     
── Conflicts ────────────────────────────────────────── tidyverse_conflicts() ──
✖ dplyr::filter() masks stats::filter()
✖ dplyr::lag()    masks stats::lag()
ℹ Use the conflicted package (<http://conflicted.r-lib.org/>) to force all conflicts to become errors

Attaching package: ‘data.table’

The following objects are masked from ‘package:lubridate’:

    hour, isoweek, mday, minute, month, quarter, second, wday, week,
    yday, year

The following objects are masked from ‘package:dplyr’:

    between, first, last

The following object is masked from ‘package:purrr’:

    transpose


Output logs successfully written!
WARNING! Certain files tracked by git exceed the config size limit (0.5 MB). See below for list of files.
/Users/jccp/Desktop/template/data/output/sim_data.csv
--------------------------------------------------------------------------------
Makelog ended: 2024-02-12 00:47:13
Working directory: /Users/jccp/Desktop/template/data
--------------------------------------------------------------------------------
