file name | last modified | file size
/Users/jccp/Desktop/template/lib/gslab_make/docs/pages/api/move_sources/gslab_make.move_sources.copy_externals.html | 2024-02-12 04:19:20 | 13228
/Users/jccp/Desktop/template/lib/gslab_make/docs/_sources/pages/api/write_logs/gslab_make.write_logs.end_makelog.rst.txt | 2024-02-12 04:19:20 | 97
/Users/jccp/Desktop/template/lib/gslab_make/gslab_make/write_version_logs.py | 2024-02-12 04:19:20 | 2610
/Users/jccp/Desktop/template/lib/gslab_make/sphinx/build/html/_static/css/fonts/lato-normal-italic.woff2 | 2024-02-12 04:19:20 | 195704
/Users/jccp/Desktop/template/lib/gslab_make/sphinx/build/html/_static/fonts/RobotoSlab/roboto-slab-v7-regular.woff2 | 2024-02-12 04:19:20 | 66444
/Users/jccp/Desktop/template/lib/gslab_make/sphinx/build/html/pages/api/run_program/gslab_make.run_program.execute_command.html | 2024-02-12 04:19:20 | 11500
/Users/jccp/Desktop/template/lib/gslab_make/sphinx/build/html/_static/underscore-1.3.1.js | 2024-02-12 04:19:20 | 35168
/Users/jccp/Desktop/template/lib/gslab_make/sphinx/build/html/_sources/pages/api/run_program/gslab_make.run_program.run_latex.rst.txt | 2024-02-12 04:19:20 | 92
/Users/jccp/Desktop/template/lib/gslab_make/docs/_static/fonts/Lato/lato-regular.woff2 | 2024-02-12 04:19:20 | 182708
/Users/jccp/Desktop/template/lib/gslab_make/sphinx/build/doctrees/pages/api/write_logs/gslab_make.write_logs.write_to_makelog.doctree | 2024-02-12 04:19:20 | 7820
/Users/jccp/Desktop/template/lib/gslab_make/sphinx/build/html/_sources/pages/api/write_source_logs/gslab_make.write_source_logs.write_source_logs.rst.txt | 2024-02-12 04:19:20 | 122
/Users/jccp/Desktop/template/lib/gslab_make/docs/_static/js/html5shiv.min.js | 2024-02-12 04:19:20 | 2734
/Users/jccp/Desktop/template/lib/gslab_make/sphinx/build/html/pages/utility.html | 2024-02-12 04:19:20 | 12444
/Users/jccp/Desktop/template/lib/gslab_make/sphinx/build/doctrees/pages/api/move_sources/gslab_make.move_sources.link_inputs.doctree | 2024-02-12 04:19:20 | 19628
/Users/jccp/Desktop/template/lib/gslab_make/docs/pages/api/run_program/gslab_make.run_program.execute_command.html | 2024-02-12 04:19:20 | 11500
/Users/jccp/Desktop/template/lib/gslab_make/test/raw/tablefill/tablefill_template space.lyx | 2024-02-12 04:19:20 | 4256
/Users/jccp/Desktop/template/lib/gslab_make/docs/_sources/index.rst.txt | 2024-02-12 04:19:20 | 1039
/Users/jccp/Desktop/template/lib/gslab_make/build/lib/gslab_make/private/utility.py | 2024-02-12 04:19:20 | 8202
/Users/jccp/Desktop/template/lib/gslab_make/sphinx/build/html/pages/api/write_logs/gslab_make.write_logs.start_makelog.html | 2024-02-12 04:19:20 | 7982
/Users/jccp/Desktop/template/lib/gslab_make/test/EXCLUDE_test_R.py | 2024-02-12 04:19:20 | 8001
/Users/jccp/Desktop/template/lib/gslab_make/sphinx/build/doctrees/pages/general_logging.doctree | 2024-02-12 04:19:20 | 32832
/Users/jccp/Desktop/template/lib/gslab_make/docs/_sources/pages/api/modify_dir/gslab_make.modify_dir.unzip.rst.txt | 2024-02-12 04:19:20 | 79
/Users/jccp/Desktop/template/lib/gslab_make/sphinx/build/html/_static/plus.png | 2024-02-12 04:19:20 | 90
/Users/jccp/Desktop/template/lib/gslab_make/sphinx/build/doctrees/pages/program.doctree | 2024-02-12 04:19:20 | 201511
/Users/jccp/Desktop/template/lib/gslab_make/test/raw/config/config_bad.yaml | 2024-02-12 04:19:20 | 987
/Users/jccp/Desktop/template/lib/gslab_make/docs/_sources/pages/api/modify_dir/gslab_make.modify_dir.zip_dir.rst.txt | 2024-02-12 04:19:20 | 85
/Users/jccp/Desktop/template/lib/gslab_make/test/raw/run_program/lyx_file_comments.lyx | 2024-02-12 04:19:20 | 1694
/Users/jccp/Desktop/template/lib/gslab_make/gslab_make/private/movedirective.py | 2024-02-12 04:19:20 | 12767
/Users/jccp/Desktop/template/lib/gslab_make/build/lib/test/WIP_test_latex.py | 2024-02-12 04:19:20 | 2298
/Users/jccp/Desktop/template/lib/gslab_make/docs/_sources/pages/api/tablefill/gslab_make.tablefill.tablefill.rst.txt | 2024-02-12 04:19:20 | 90
/Users/jccp/Desktop/template/lib/gslab_make/docs/pages/general_logging.html | 2024-02-12 04:19:20 | 15121
/Users/jccp/Desktop/template/lib/gslab_make/test/raw/tablefill/tablefill_duplicated.txt | 2024-02-12 04:19:20 | 66
/Users/jccp/Desktop/template/lib/gslab_make/docs/_static/css/fonts/fontawesome-webfont.woff | 2024-02-12 04:19:20 | 98024
/Users/jccp/Desktop/template/lib/gslab_make/sphinx/source/pages/api/run_program/gslab_make.run_program.run_matlab.rst | 2024-02-12 04:19:20 | 95
/Users/jccp/Desktop/template/lib/gslab_make/sphinx/build/html/_sources/pages/api/write_logs/gslab_make.write_logs.end_makelog.rst.txt | 2024-02-12 04:19:20 | 97
/Users/jccp/Desktop/template/lib/gslab_make/sphinx/build/html/_static/fonts/fontawesome-webfont.woff2 | 2024-02-12 04:19:20 | 77160
/Users/jccp/Desktop/template/lib/gslab_make/sphinx/build/html/_sources/pages/api/modify_dir/gslab_make.modify_dir.unzip.rst.txt | 2024-02-12 04:19:20 | 79
/Users/jccp/Desktop/template/lib/gslab_make/gslab_make/__pycache__/tablefill.cpython-312.pyc | 2024-02-12 05:35:35 | 22554
/Users/jccp/Desktop/template/lib/gslab_make/docs/_sources/pages/filling.rst.txt | 2024-02-12 04:19:20 | 253
/Users/jccp/Desktop/template/lib/gslab_make/sphinx/build/html/_static/fonts/Lato/lato-bold.woff | 2024-02-12 04:19:20 | 309728
/Users/jccp/Desktop/template/lib/gslab_make/sphinx/build/doctrees/pages/api/run_program/gslab_make.run_program.run_latex.doctree | 2024-02-12 04:19:20 | 18876
/Users/jccp/Desktop/template/lib/gslab_make/gslab_make/__pycache__/make_utility.cpython-310.pyc | 2024-02-12 04:19:26 | 5672
/Users/jccp/Desktop/template/lib/gslab_make/docs/pages/api/run_program/gslab_make.run_program.run_stat_transfer.html | 2024-02-12 04:19:20 | 11737
/Users/jccp/Desktop/template/lib/gslab_make/gslab_make/check_repo.py | 2024-02-12 04:19:20 | 14471
/Users/jccp/Desktop/template/lib/gslab_make/docs/_sources/pages/api/write_logs/gslab_make.write_logs.start_makelog.rst.txt | 2024-02-12 04:19:20 | 103
/Users/jccp/Desktop/template/lib/gslab_make/test/raw/config/config_user_bad_executables.yaml | 2024-02-12 04:19:20 | 249
/Users/jccp/Desktop/template/lib/gslab_make/docs/_sources/pages/api/run_program/gslab_make.run_program.run_perl.rst.txt | 2024-02-12 04:19:20 | 89
/Users/jccp/Desktop/template/lib/gslab_make/sphinx/build/html/_sources/pages/api/run_program/gslab_make.run_program.run_mathematica.rst.txt | 2024-02-12 04:19:20 | 110
/Users/jccp/Desktop/template/lib/gslab_make/sphinx/build/html/_static/fonts/RobotoSlab/roboto-slab-v7-regular.woff | 2024-02-12 04:19:20 | 86288
/Users/jccp/Desktop/template/lib/gslab_make/build/lib/gslab_make/private/movedirective.py | 2024-02-12 04:19:20 | 12767
/Users/jccp/Desktop/template/lib/gslab_make/sphinx/build/html/pages/api/run_program/gslab_make.run_program.run_r.html | 2024-02-12 04:19:20 | 11514
/Users/jccp/Desktop/template/lib/gslab_make/sphinx/build/html/pages/api/move_sources/gslab_make.move_sources.copy_externals.html | 2024-02-12 04:19:20 | 13228
/Users/jccp/Desktop/template/lib/gslab_make/docs/pages/api/make_utility/gslab_make.make_utility.update_paths.html | 2024-02-12 04:19:20 | 7824
/Users/jccp/Desktop/template/lib/gslab_make/docs/_static/js/badge_only.js | 2024-02-12 04:19:20 | 934
/Users/jccp/Desktop/template/lib/gslab_make/test/raw/log_sources/dir/file.txt | 2024-02-12 04:19:20 | 20
/Users/jccp/Desktop/template/lib/gslab_make/sphinx/build/html/_static/js/modernizr.min.js | 2024-02-12 04:19:20 | 15414
/Users/jccp/Desktop/template/lib/gslab_make/docs/_static/minus.png | 2024-02-12 04:19:20 | 90
/Users/jccp/Desktop/template/lib/gslab_make/sphinx/source/pages/api/write_logs/gslab_make.write_logs.end_makelog.rst | 2024-02-12 04:19:20 | 97
/Users/jccp/Desktop/template/lib/gslab_make/sphinx/build/doctrees/pages/api/check_repo/gslab_make.check_repo.check_module_size.doctree | 2024-02-12 04:19:20 | 9969
/Users/jccp/Desktop/template/lib/gslab_make/sphinx/source/pages/api/run_program/gslab_make.run_program.execute_command.rst | 2024-02-12 04:19:20 | 110
/Users/jccp/Desktop/template/lib/gslab_make/docs/_sources/pages/api/run_program/gslab_make.run_program.run_r.rst.txt | 2024-02-12 04:19:20 | 80
/Users/jccp/Desktop/template/lib/gslab_make/test/raw/log_outputs/dir space/file space.txt | 2024-02-12 04:19:20 | 20
/Users/jccp/Desktop/template/lib/gslab_make/sphinx/build/doctrees/pages/api/run_program/gslab_make.run_program.execute_command.doctree | 2024-02-12 04:19:20 | 14475
/Users/jccp/Desktop/template/lib/gslab_make/docs/_static/doctools.js | 2024-02-12 04:19:20 | 4472
/Users/jccp/Desktop/template/lib/gslab_make/sphinx/build/html/_static/fonts/Lato/lato-italic.eot | 2024-02-12 04:19:20 | 268604
/Users/jccp/Desktop/template/lib/gslab_make/sphinx/build/doctrees/pages/api/move_sources/gslab_make.move_sources.copy_externals.doctree | 2024-02-12 04:19:20 | 19323
/Users/jccp/Desktop/template/lib/gslab_make/docs/_static/jquery-3.6.0.js | 2024-02-12 04:19:20 | 288580
/Users/jccp/Desktop/template/lib/gslab_make/gslab_make/__init__.py | 2024-02-12 04:19:20 | 2756
/Users/jccp/Desktop/template/lib/gslab_make/docs/_static/documentation_options.js | 2024-02-12 04:19:20 | 420
/Users/jccp/Desktop/template/lib/gslab_make/docs/_static/fonts/Lato/lato-bold.ttf | 2024-02-12 04:19:20 | 600856
/Users/jccp/Desktop/template/lib/gslab_make/sphinx/build/html/_static/fonts/RobotoSlab-Bold.ttf | 2024-02-12 04:19:20 | 170616
/Users/jccp/Desktop/template/lib/gslab_make/sphinx/build/html/_static/underscore.js | 2024-02-12 04:19:20 | 19530
/Users/jccp/Desktop/template/lib/gslab_make/sphinx/build/doctrees/pages/api/run_program/gslab_make.run_program.run_stata.doctree | 2024-02-12 04:19:20 | 18257
/Users/jccp/Desktop/template/lib/gslab_make/gslab_make/private/__pycache__/__init__.cpython-312.pyc | 2024-02-12 05:35:33 | 171
/Users/jccp/Desktop/template/lib/gslab_make/docs/_sources/pages/api/run_program/gslab_make.run_program.run_stat_transfer.rst.txt | 2024-02-12 04:19:20 | 116
/Users/jccp/Desktop/template/lib/gslab_make/test/raw/config/config_user_empty.yaml | 2024-02-12 04:19:20 | 96
/Users/jccp/Desktop/template/lib/gslab_make/gslab_make/private/__pycache__/messages.cpython-312.pyc | 2024-02-12 05:35:33 | 5881
/Users/jccp/Desktop/template/lib/gslab_make/gslab_make/__pycache__/textfill_info.cpython-312.pyc | 2024-02-12 05:35:35 | 6496
/Users/jccp/Desktop/template/lib/gslab_make/test/raw/log_sources/move space.txt | 2024-02-12 04:19:20 | 65
/Users/jccp/Desktop/template/lib/gslab_make/docs/pages/api/modify_dir/gslab_make.modify_dir.remove_dir.html | 2024-02-12 04:19:20 | 8200
/Users/jccp/Desktop/template/lib/gslab_make/docs/pages/api/tablefill/gslab_make.tablefill.tablefill.html | 2024-02-12 04:19:20 | 16859
/Users/jccp/Desktop/template/lib/gslab_make/sphinx/build/html/_static/css/badge_only.css | 2024-02-12 04:19:20 | 3229
/Users/jccp/Desktop/template/lib/gslab_make/docs/pages/api/run_program/gslab_make.run_program.run_python.html | 2024-02-12 04:19:20 | 11595
/Users/jccp/Desktop/template/lib/gslab_make/test/raw/tablefill/tablefill space.txt | 2024-02-12 04:19:20 | 66
/Users/jccp/Desktop/template/lib/gslab_make/sphinx/build/doctrees/environment.pickle | 2024-02-12 04:19:20 | 87795
/Users/jccp/Desktop/template/lib/gslab_make/gslab_make/private/__pycache__/movedirective.cpython-312.pyc | 2024-02-12 05:35:34 | 17257
/Users/jccp/Desktop/template/lib/gslab_make/docs/searchindex.js | 2024-02-12 04:19:20 | 33853
/Users/jccp/Desktop/template/lib/gslab_make/test/raw/move_sources/move_file.txt | 2024-02-12 04:19:20 | 64
/Users/jccp/Desktop/template/lib/gslab_make/gslab_make/__pycache__/modify_dir.cpython-310.pyc | 2024-02-12 04:19:24 | 6991
/Users/jccp/Desktop/template/lib/gslab_make/docs/pages/api/run_program/gslab_make.run_program.run_perl.html | 2024-02-12 04:19:20 | 11601
/Users/jccp/Desktop/template/lib/gslab_make/sphinx/build/html/pages/api/run_program/gslab_make.run_program.run_lyx.html | 2024-02-12 04:19:20 | 12497
/Users/jccp/Desktop/template/lib/gslab_make/gslab_make/__pycache__/textfill.cpython-310.pyc | 2024-02-12 04:19:26 | 5143
/Users/jccp/Desktop/template/lib/gslab_make/docs/_static/css/badge_only.css | 2024-02-12 04:19:20 | 3229
/Users/jccp/Desktop/template/lib/gslab_make/build/lib/test/EXCLUDE_test_R.py | 2024-02-12 04:19:20 | 8001
/Users/jccp/Desktop/template/lib/gslab_make/docs/pages/source_logging.html | 2024-02-12 04:19:20 | 10796
/Users/jccp/Desktop/template/lib/gslab_make/docs/_static/css/theme.css | 2024-02-12 04:19:20 | 135314
/Users/jccp/Desktop/template/lib/gslab_make/test/raw/log_sources/dir_depth/dir_depth/depth_2.txt | 2024-02-12 04:19:20 | 20
/Users/jccp/Desktop/template/lib/gslab_make/sphinx/build/html/pages/api/tablefill/gslab_make.tablefill.tablefill.html | 2024-02-12 04:19:20 | 16859
/Users/jccp/Desktop/template/lib/gslab_make/gslab_make/private/__pycache__/metadata.cpython-310.pyc | 2024-02-12 04:19:24 | 2194
/Users/jccp/Desktop/template/lib/gslab_make/docs/_static/searchtools.js | 2024-02-12 04:19:20 | 18215
/Users/jccp/Desktop/template/lib/gslab_make/test/raw/run_program/matlab_script.m | 2024-02-12 04:19:20 | 84
/Users/jccp/Desktop/template/lib/gslab_make/docs/pages/api/run_program/gslab_make.run_program.run_matlab.html | 2024-02-12 04:19:20 | 11601
/Users/jccp/Desktop/template/lib/gslab_make/sphinx/build/doctrees/pages/api/write_logs/gslab_make.write_logs.start_makelog.doctree | 2024-02-12 04:19:20 | 7322
/Users/jccp/Desktop/template/lib/gslab_make/sphinx/source/pages/api/modify_dir/gslab_make.modify_dir.remove_dir.rst | 2024-02-12 04:19:20 | 94
/Users/jccp/Desktop/template/lib/gslab_make/sphinx/build/html/_sources/pages/api/run_program/gslab_make.run_program.run_r.rst.txt | 2024-02-12 04:19:20 | 80
/Users/jccp/Desktop/template/lib/gslab_make/sphinx/build/html/_sources/pages/api/make_utility/gslab_make.make_utility.copy_output.rst.txt | 2024-02-12 04:19:20 | 99
/Users/jccp/Desktop/template/lib/gslab_make/sphinx/build/html/pages/repository.html | 2024-02-12 04:19:20 | 11550
/Users/jccp/Desktop/template/lib/gslab_make/sphinx/build/html/_sources/pages/dummy.rst.txt | 2024-02-12 04:19:20 | 741
/Users/jccp/Desktop/template/lib/gslab_make/sphinx/source/pages/api/run_program/gslab_make.run_program.run_jupyter.rst | 2024-02-12 04:19:20 | 98
/Users/jccp/Desktop/template/lib/gslab_make/sphinx/build/html/_static/fonts/RobotoSlab-Regular.ttf | 2024-02-12 04:19:20 | 169064
/Users/jccp/Desktop/template/lib/gslab_make/sphinx/build/html/_sources/pages/api/run_program/gslab_make.run_program.run_matlab.rst.txt | 2024-02-12 04:19:20 | 95
/Users/jccp/Desktop/template/lib/gslab_make/gslab_make/tablefill.py | 2024-02-12 04:19:20 | 20325
/Users/jccp/Desktop/template/lib/gslab_make/sphinx/build/html/pages/api/check_repo/gslab_make.check_repo.check_conda_status.html | 2024-02-12 04:19:20 | 7361
/Users/jccp/Desktop/template/lib/gslab_make/test/test_log_sources.py | 2024-02-12 04:19:20 | 4585
/Users/jccp/Desktop/template/lib/gslab_make/docs/pages/api/check_repo/gslab_make.check_repo.check_module_size.html | 2024-02-12 04:19:20 | 8620
/Users/jccp/Desktop/template/lib/gslab_make/sphinx/source/pages/api/write_source_logs/gslab_make.write_source_logs.write_source_logs.rst | 2024-02-12 04:19:20 | 122
/Users/jccp/Desktop/template/lib/gslab_make/sphinx/build/doctrees/pages/api/move_sources/gslab_make.move_sources.copy_inputs.doctree | 2024-02-12 04:19:20 | 19227
/Users/jccp/Desktop/template/lib/gslab_make/test/raw/tablefill/tablefill_template_missing_input.lyx | 2024-02-12 04:19:20 | 4264
/Users/jccp/Desktop/template/lib/gslab_make/sphinx/source/pages/api/tablefill/gslab_make.tablefill.tablefill.rst | 2024-02-12 04:19:20 | 90
/Users/jccp/Desktop/template/lib/gslab_make/sphinx/build/html/_static/fonts/Lato/lato-italic.woff | 2024-02-12 04:19:20 | 328412
/Users/jccp/Desktop/template/lib/gslab_make/docs/pages/api/write_source_logs/gslab_make.write_source_logs.write_source_logs.html | 2024-02-12 04:19:20 | 10990
/Users/jccp/Desktop/template/lib/gslab_make/docs/_static/pygments.css | 2024-02-12 04:19:20 | 4902
/Users/jccp/Desktop/template/lib/gslab_make/sphinx/build/doctrees/pages/api/make_utility/gslab_make.make_utility.update_internal_paths.doctree | 2024-02-12 04:19:20 | 8328
/Users/jccp/Desktop/template/lib/gslab_make/docs/_sources/pages/api/make_utility/gslab_make.make_utility.copy_output.rst.txt | 2024-02-12 04:19:20 | 99
/Users/jccp/Desktop/template/lib/gslab_make/sphinx/README.md | 2024-02-12 04:19:20 | 1340
/Users/jccp/Desktop/template/lib/gslab_make/docs/_static/fonts/Lato/lato-italic.woff2 | 2024-02-12 04:19:20 | 195704
/Users/jccp/Desktop/template/lib/gslab_make/sphinx/build/html/pages/source_logging.html | 2024-02-12 04:19:20 | 10796
/Users/jccp/Desktop/template/lib/gslab_make/sphinx/build/html/_static/css/fonts/fontawesome-webfont.ttf | 2024-02-12 04:19:20 | 165548
/Users/jccp/Desktop/template/lib/gslab_make/docs/_static/fonts/Inconsolata-Bold.ttf | 2024-02-12 04:19:20 | 109948
/Users/jccp/Desktop/template/lib/gslab_make/test/raw/run_program/perl_script_error.pl | 2024-02-12 04:19:20 | 5
/Users/jccp/Desktop/template/lib/gslab_make/test/raw/move_sources/move_bad_wildcard.txt | 2024-02-12 04:19:20 | 112
/Users/jccp/Desktop/template/lib/gslab_make/sphinx/source/pages/api/make_utility/gslab_make.make_utility.update_internal_paths.rst | 2024-02-12 04:19:20 | 129
/Users/jccp/Desktop/template/lib/gslab_make/docs/_sources/pages/program.rst.txt | 2024-02-12 04:19:20 | 2704
/Users/jccp/Desktop/template/lib/gslab_make/test/raw/log_outputs/dir_local/file_local.txt | 2024-02-12 04:19:20 | 20
/Users/jccp/Desktop/template/lib/gslab_make/sphinx/build/html/_static/underscore-1.12.0.js | 2024-02-12 04:19:20 | 67692
/Users/jccp/Desktop/template/lib/gslab_make/docs/_static/js/modernizr.min.js | 2024-02-12 04:19:20 | 15414
/Users/jccp/Desktop/template/lib/gslab_make/docs/pages/utility.html | 2024-02-12 04:19:20 | 12444
/Users/jccp/Desktop/template/lib/gslab_make/sphinx/source/pages/api/modify_dir/gslab_make.modify_dir.zip_dir.rst | 2024-02-12 04:19:20 | 85
/Users/jccp/Desktop/template/lib/gslab_make/sphinx/build/doctrees/pages/api/run_program/gslab_make.run_program.run_python.doctree | 2024-02-12 04:19:20 | 17516
/Users/jccp/Desktop/template/lib/gslab_make/build/lib/gslab_make/private/subprocess_fix.py | 2024-02-12 04:19:20 | 5428
/Users/jccp/Desktop/template/lib/gslab_make/gslab_make/private/__pycache__/__init__.cpython-310.pyc | 2024-02-12 04:19:24 | 169
/Users/jccp/Desktop/template/lib/gslab_make/sphinx/build/html/pages/specifying_paths.html | 2024-02-12 04:19:20 | 12156
/Users/jccp/Desktop/template/lib/gslab_make/docs/_static/underscore-1.3.1.js | 2024-02-12 04:19:20 | 35168
/Users/jccp/Desktop/template/lib/gslab_make/sphinx/source/pages/api/check_repo/gslab_make.check_repo.check_conda_status.rst | 2024-02-12 04:19:20 | 118
/Users/jccp/Desktop/template/lib/gslab_make/sphinx/build/html/pages/directory.html | 2024-02-12 04:19:20 | 13028
/Users/jccp/Desktop/template/lib/gslab_make/sphinx/build/html/_static/fonts/fontawesome-webfont.svg | 2024-02-12 04:19:20 | 444379
/Users/jccp/Desktop/template/lib/gslab_make/sphinx/source/pages/api/run_program/gslab_make.run_program.run_perl.rst | 2024-02-12 04:19:20 | 89
/Users/jccp/Desktop/template/lib/gslab_make/test/raw/log_outputs/recursion.txt | 2024-02-12 04:19:20 | 34
/Users/jccp/Desktop/template/lib/gslab_make/test/raw/move_sources/move_empty.txt | 2024-02-12 04:19:20 | 22
/Users/jccp/Desktop/template/lib/gslab_make/sphinx/build/doctrees/pages/api/check_repo/gslab_make.check_repo.get_modified_sources.doctree | 2024-02-12 04:19:20 | 11834
/Users/jccp/Desktop/template/lib/gslab_make/sphinx/build/html/_static/fonts/Lato/lato-regular.eot | 2024-02-12 04:19:20 | 253461
/Users/jccp/Desktop/template/lib/gslab_make/docs/_sources/pages/api/make_utility/gslab_make.make_utility.update_external_paths.rst.txt | 2024-02-12 04:19:20 | 129
/Users/jccp/Desktop/template/lib/gslab_make/docs/_static/fonts/Lato/lato-bold.woff2 | 2024-02-12 04:19:20 | 184912
/Users/jccp/Desktop/template/lib/gslab_make/gslab_make/__pycache__/make_utility.cpython-312.pyc | 2024-02-12 05:35:35 | 7023
/Users/jccp/Desktop/template/lib/gslab_make/sphinx/build/html/_sources/pages/api/write_logs/gslab_make.write_logs.write_to_makelog.rst.txt | 2024-02-12 04:19:20 | 112
/Users/jccp/Desktop/template/lib/gslab_make/gslab_make/private/__pycache__/metadata.cpython-312.pyc | 2024-02-12 05:35:33 | 2428
/Users/jccp/Desktop/template/lib/gslab_make/gslab_make/__pycache__/__init__.cpython-310.pyc | 2024-02-12 04:19:24 | 1733
/Users/jccp/Desktop/template/lib/gslab_make/sphinx/build/html/pages/api/make_utility/gslab_make.make_utility.update_executables.html | 2024-02-12 04:19:20 | 8548
/Users/jccp/Desktop/template/lib/gslab_make/sphinx/build/html/_static/css/fonts/Roboto-Slab-Regular.woff | 2024-02-12 04:19:20 | 86288
/Users/jccp/Desktop/template/lib/gslab_make/sphinx/build/doctrees/pages/sourcing.doctree | 2024-02-12 04:19:20 | 71710
/Users/jccp/Desktop/template/lib/gslab_make/sphinx/source/pages/api/write_logs/gslab_make.write_logs.write_to_makelog.rst | 2024-02-12 04:19:20 | 112
/Users/jccp/Desktop/template/lib/gslab_make/test/raw/run_program/lyx_file_handout_handout.lyx.bak | 2024-02-12 04:19:20 | 2000
/Users/jccp/Desktop/template/lib/gslab_make/docs/_sources/pages/api/modify_dir/gslab_make.modify_dir.remove_dir.rst.txt | 2024-02-12 04:19:20 | 94
/Users/jccp/Desktop/template/lib/gslab_make/docs/_static/css/fonts/Roboto-Slab-Regular.woff2 | 2024-02-12 04:19:20 | 66444
/Users/jccp/Desktop/template/lib/gslab_make/sphinx/source/pages/api/run_program/gslab_make.run_program.run_sas.rst | 2024-02-12 04:19:20 | 86
/Users/jccp/Desktop/template/lib/gslab_make/sphinx/build/html/_static/file.png | 2024-02-12 04:19:20 | 286
/Users/jccp/Desktop/template/lib/gslab_make/test/raw/move_sources/move_missing.txt | 2024-02-12 04:19:20 | 80
/Users/jccp/Desktop/template/lib/gslab_make/docs/_static/fonts/Lato/lato-regular.ttf | 2024-02-12 04:19:20 | 607720
/Users/jccp/Desktop/template/lib/gslab_make/sphinx/build/html/pages/api/write_logs/gslab_make.write_logs.log_files_in_output.html | 2024-02-12 04:19:20 | 11010
/Users/jccp/Desktop/template/lib/gslab_make/test/raw/log_sources/move_recursion.txt | 2024-02-12 04:19:20 | 34
/Users/jccp/Desktop/template/lib/gslab_make/gslab_make/private/__pycache__/utility.cpython-312.pyc | 2024-02-12 05:35:33 | 8690
/Users/jccp/Desktop/template/lib/gslab_make/docs/index.html | 2024-02-12 04:19:20 | 7594
/Users/jccp/Desktop/template/lib/gslab_make/test/raw/log_outputs/dir_depth/depth_1.txt | 2024-02-12 04:19:20 | 20
/Users/jccp/Desktop/template/lib/gslab_make/docs/_sources/pages/api/write_logs/gslab_make.write_logs.log_files_in_output.rst.txt | 2024-02-12 04:19:20 | 121
/Users/jccp/Desktop/template/lib/gslab_make/build/lib/test/test_python.py | 2024-02-12 04:19:20 | 7064
/Users/jccp/Desktop/template/lib/gslab_make/docs/_sources/pages/api/run_program/gslab_make.run_program.run_python.rst.txt | 2024-02-12 04:19:20 | 95
/Users/jccp/Desktop/template/lib/gslab_make/sphinx/build/html/_static/css/fonts/lato-normal.woff2 | 2024-02-12 04:19:20 | 182708
/Users/jccp/Desktop/template/lib/gslab_make/docs/_static/jquery-3.5.1.js | 2024-02-12 04:19:20 | 287630
/Users/jccp/Desktop/template/lib/gslab_make/sphinx/build/html/_sources/pages/api/tablefill/gslab_make.tablefill.tablefill.rst.txt | 2024-02-12 04:19:20 | 90
/Users/jccp/Desktop/template/lib/gslab_make/sphinx/build/html/pages/api/make_utility/gslab_make.make_utility.update_internal_paths.html | 2024-02-12 04:19:20 | 8273
/Users/jccp/Desktop/template/lib/gslab_make/sphinx/build/html/search.html | 2024-02-12 04:19:20 | 4838
/Users/jccp/Desktop/template/lib/gslab_make/sphinx/build/html/_static/fonts/fontawesome-webfont.ttf | 2024-02-12 04:19:20 | 165548
/Users/jccp/Desktop/template/lib/gslab_make/sphinx/source/pages/api/move_sources/gslab_make.move_sources.link_externals.rst | 2024-02-12 04:19:20 | 108
/Users/jccp/Desktop/template/lib/gslab_make/sphinx/source/pages/api/move_sources/gslab_make.move_sources.copy_externals.rst | 2024-02-12 04:19:20 | 108
/Users/jccp/Desktop/template/lib/gslab_make/sphinx/build/html/_sources/pages/utility.rst.txt | 2024-02-12 04:19:20 | 327
/Users/jccp/Desktop/template/lib/gslab_make/docs/_static/js/html5shiv-printshiv.min.js | 2024-02-12 04:19:20 | 4370
/Users/jccp/Desktop/template/lib/gslab_make/sphinx/build/doctrees/pages/source_logging.doctree | 2024-02-12 04:19:20 | 19149
/Users/jccp/Desktop/template/lib/gslab_make/docs/pages/api/run_program/gslab_make.run_program.run_mathematica.html | 2024-02-12 04:19:20 | 11624
/Users/jccp/Desktop/template/lib/gslab_make/test/raw/run_program/python_script space.py | 2024-02-12 04:19:20 | 169
/Users/jccp/Desktop/template/lib/gslab_make/gslab_make/__pycache__/textfill_info.cpython-310.pyc | 2024-02-12 04:19:26 | 6488
/Users/jccp/Desktop/template/lib/gslab_make/docs/pages/repository.html | 2024-02-12 04:19:20 | 11550
/Users/jccp/Desktop/template/lib/gslab_make/test/raw/tablefill/tablefill_template.tex | 2024-02-12 04:19:20 | 942
/Users/jccp/Desktop/template/lib/gslab_make/docs/_sources/pages/source_logging.rst.txt | 2024-02-12 04:19:20 | 380
/Users/jccp/Desktop/template/lib/gslab_make/docs/_static/fonts/Lato/lato-bold.eot | 2024-02-12 04:19:20 | 256056
/Users/jccp/Desktop/template/lib/gslab_make/test/EXCLUDE_test_stata.py | 2024-02-12 04:19:20 | 8022
/Users/jccp/Desktop/template/lib/gslab_make/sphinx/build/html/pages/api/run_program/gslab_make.run_program.run_python.html | 2024-02-12 04:19:20 | 11595
/Users/jccp/Desktop/template/lib/gslab_make/test/raw/log_outputs/dir/file.txt | 2024-02-12 04:19:20 | 20
/Users/jccp/Desktop/template/lib/gslab_make/sphinx/build/doctrees/pages/api/run_program/gslab_make.run_program.run_lyx.doctree | 2024-02-12 04:19:20 | 20832
/Users/jccp/Desktop/template/lib/gslab_make/docs/_sources/pages/sourcing.rst.txt | 2024-02-12 04:19:20 | 548
/Users/jccp/Desktop/template/lib/gslab_make/sphinx/build/html/_static/fonts/Lato/lato-bold.woff2 | 2024-02-12 04:19:20 | 184912
/Users/jccp/Desktop/template/lib/gslab_make/sphinx/build/html/_static/css/fonts/lato-bold.woff2 | 2024-02-12 04:19:20 | 184912
/Users/jccp/Desktop/template/lib/gslab_make/test/raw/run_program/stata_script space.do | 2024-02-12 04:19:20 | 108
/Users/jccp/Desktop/template/lib/gslab_make/build/lib/gslab_make/private/exceptionclasses.py | 2024-02-12 04:19:20 | 943
/Users/jccp/Desktop/template/lib/gslab_make/docs/_static/basic.css | 2024-02-12 04:19:20 | 14810
/Users/jccp/Desktop/template/lib/gslab_make/docs/pages/api/run_program/gslab_make.run_program.run_r.html | 2024-02-12 04:19:20 | 11514
/Users/jccp/Desktop/template/lib/gslab_make/sphinx/source/pages/api/check_repo/gslab_make.check_repo.get_modified_sources.rst | 2024-02-12 04:19:20 | 124
/Users/jccp/Desktop/template/lib/gslab_make/test/test_tablefill.py | 2024-02-12 04:19:21 | 4244
/Users/jccp/Desktop/template/lib/gslab_make/gslab_make/__pycache__/write_version_logs.cpython-310.pyc | 2024-02-12 04:19:26 | 2407
/Users/jccp/Desktop/template/lib/gslab_make/sphinx/build/html/pages/api/run_program/gslab_make.run_program.run_mathematica.html | 2024-02-12 04:19:20 | 11624
/Users/jccp/Desktop/template/lib/gslab_make/build/lib/test/__init__.py | 2024-02-12 04:19:20 | 0
/Users/jccp/Desktop/template/lib/gslab_make/docs/_static/fonts/RobotoSlab/roboto-slab-v7-regular.woff | 2024-02-12 04:19:20 | 86288
/Users/jccp/Desktop/template/lib/gslab_make/build/lib/test/test_make_utility.py | 2024-02-12 04:19:20 | 4552
/Users/jccp/Desktop/template/lib/gslab_make/build/lib/gslab_make/private/__init__.py | 2024-02-12 04:19:20 | 0
/Users/jccp/Desktop/template/lib/gslab_make/sphinx/build/html/pages/api/run_program/gslab_make.run_program.run_jupyter.html | 2024-02-12 04:19:20 | 11104
/Users/jccp/Desktop/template/lib/gslab_make/sphinx/build/html/_static/fonts/Lato/lato-regular.woff2 | 2024-02-12 04:19:20 | 182708
/Users/jccp/Desktop/template/lib/gslab_make/docs/pages/api/run_program/gslab_make.run_program.run_latex.html | 2024-02-12 04:19:20 | 12050
/Users/jccp/Desktop/template/lib/gslab_make/gslab_make/__pycache__/run_program.cpython-312.pyc | 2024-02-12 05:35:34 | 44986
/Users/jccp/Desktop/template/lib/gslab_make/gslab_make/__pycache__/check_repo.cpython-312.pyc | 2024-02-12 05:35:33 | 18624
/Users/jccp/Desktop/template/lib/gslab_make/docs/_static/fonts/Inconsolata.ttf | 2024-02-12 04:19:20 | 63184
/Users/jccp/Desktop/template/lib/gslab_make/test/raw/move_sources/move space.txt | 2024-02-12 04:19:20 | 76
/Users/jccp/Desktop/template/lib/gslab_make/sphinx/build/html/_static/css/fonts/lato-bold-italic.woff | 2024-02-12 04:19:20 | 323344
/Users/jccp/Desktop/template/lib/gslab_make/sphinx/build/html/_static/fonts/Inconsolata-Regular.ttf | 2024-02-12 04:19:20 | 96964
/Users/jccp/Desktop/template/lib/gslab_make/sphinx/build/html/searchindex.js | 2024-02-12 04:19:20 | 33853
/Users/jccp/Desktop/template/lib/gslab_make/sphinx/build/html/_sources/pages/api/run_program/gslab_make.run_program.run_perl.rst.txt | 2024-02-12 04:19:20 | 89
/Users/jccp/Desktop/template/lib/gslab_make/docs/pages/api/run_program/gslab_make.run_program.run_jupyter.html | 2024-02-12 04:19:20 | 11104
/Users/jccp/Desktop/template/lib/gslab_make/docs/_static/css/fonts/fontawesome-webfont.svg | 2024-02-12 04:19:20 | 444379
/Users/jccp/Desktop/template/lib/gslab_make/sphinx/build/html/_static/css/fonts/lato-bold.woff | 2024-02-12 04:19:20 | 309728
/Users/jccp/Desktop/template/lib/gslab_make/docs/_static/underscore-1.12.0.js | 2024-02-12 04:19:20 | 67692
/Users/jccp/Desktop/template/lib/gslab_make/sphinx/build/doctrees/pages/api/run_program/gslab_make.run_program.run_sas.doctree | 2024-02-12 04:19:20 | 19352
/Users/jccp/Desktop/template/lib/gslab_make/sphinx/build/html/_sources/pages/specifying_paths.rst.txt | 2024-02-12 04:19:20 | 2616
/Users/jccp/Desktop/template/lib/gslab_make/sphinx/build/html/_sources/pages/api/run_program/gslab_make.run_program.run_stata.rst.txt | 2024-02-12 04:19:20 | 92
/Users/jccp/Desktop/template/lib/gslab_make/sphinx/build/doctrees/pages/api/run_program/gslab_make.run_program.run_matlab.doctree | 2024-02-12 04:19:20 | 17431
/Users/jccp/Desktop/template/lib/gslab_make/sphinx/build/html/_static/fonts/RobotoSlab/roboto-slab-v7-bold.ttf | 2024-02-12 04:19:20 | 170616
/Users/jccp/Desktop/template/lib/gslab_make/sphinx/source/pages/api/make_utility/gslab_make.make_utility.update_external_paths.rst | 2024-02-12 04:19:20 | 129
/Users/jccp/Desktop/template/lib/gslab_make/build/lib/gslab_make/write_source_logs.py | 2024-02-12 04:19:20 | 4866
/Users/jccp/Desktop/template/lib/gslab_make/sphinx/build/html/_sources/pages/api/check_repo/gslab_make.check_repo.check_conda_status.rst.txt | 2024-02-12 04:19:20 | 118
/Users/jccp/Desktop/template/lib/gslab_make/test/raw/log_sources/move_depth.txt | 2024-02-12 04:19:20 | 65
/Users/jccp/Desktop/template/lib/gslab_make/docs/_static/css/fonts/lato-bold-italic.woff | 2024-02-12 04:19:20 | 323344
/Users/jccp/Desktop/template/lib/gslab_make/gslab_make/move_sources.py | 2024-02-12 04:19:20 | 19397
/Users/jccp/Desktop/template/lib/gslab_make/sphinx/build/html/_sources/pages/sourcing.rst.txt | 2024-02-12 04:19:20 | 548
/Users/jccp/Desktop/template/lib/gslab_make/sphinx/build/html/_sources/pages/api/write_logs/gslab_make.write_logs.log_files_in_output.rst.txt | 2024-02-12 04:19:20 | 121
/Users/jccp/Desktop/template/lib/gslab_make/build/lib/gslab_make/make_utility.py | 2024-02-12 04:19:20 | 5785
/Users/jccp/Desktop/template/lib/gslab_make/sphinx/build/doctrees/pages/api/write_logs/gslab_make.write_logs.end_makelog.doctree | 2024-02-12 04:19:20 | 7143
/Users/jccp/Desktop/template/lib/gslab_make/sphinx/build/doctrees/pages/api/run_program/gslab_make.run_program.run_perl.doctree | 2024-02-12 04:19:20 | 17480
/Users/jccp/Desktop/template/lib/gslab_make/sphinx/build/doctrees/pages/api/modify_dir/gslab_make.modify_dir.unzip.doctree | 2024-02-12 04:19:20 | 6968
/Users/jccp/Desktop/template/lib/gslab_make/test/raw/log_outputs/dir_depth/dir_depth/depth_2.txt | 2024-02-12 04:19:20 | 20
/Users/jccp/Desktop/template/lib/gslab_make/sphinx/build/html/index.html | 2024-02-12 04:19:20 | 7594
/Users/jccp/Desktop/template/lib/gslab_make/docs/pages/api/write_logs/gslab_make.write_logs.start_makelog.html | 2024-02-12 04:19:20 | 7982
/Users/jccp/Desktop/template/lib/gslab_make/sphinx/build/html/_sources/pages/api/run_program/gslab_make.run_program.run_sas.rst.txt | 2024-02-12 04:19:20 | 86
/Users/jccp/Desktop/template/lib/gslab_make/test/raw/move_sources/file.txt | 2024-02-12 04:19:20 | 0
/Users/jccp/Desktop/template/lib/gslab_make/gslab_make/private/metadata.py | 2024-02-12 04:19:20 | 4137
/Users/jccp/Desktop/template/lib/gslab_make/test/raw/tablefill/tablefill_no_tag.txt | 2024-02-12 04:19:20 | 56
/Users/jccp/Desktop/template/lib/gslab_make/sphinx/build/html/objects.inv | 2024-02-12 04:19:20 | 1891
/Users/jccp/Desktop/template/lib/gslab_make/sphinx/build/html/_sources/pages/api/check_repo/gslab_make.check_repo.check_module_size.rst.txt | 2024-02-12 04:19:20 | 115
/Users/jccp/Desktop/template/lib/gslab_make/gslab_make/private/subprocess_fix.py | 2024-02-12 04:19:20 | 5428
/Users/jccp/Desktop/template/lib/gslab_make/sphinx/build/html/_static/fonts/Lato/lato-regular.ttf | 2024-02-12 04:19:20 | 607720
/Users/jccp/Desktop/template/lib/gslab_make/gslab_make/write_source_logs.py | 2024-02-12 04:19:20 | 4866
/Users/jccp/Desktop/template/lib/gslab_make/docs/pages/api/run_program/gslab_make.run_program.run_lyx.html | 2024-02-12 04:19:20 | 12497
/Users/jccp/Desktop/template/raw/tv.csv | 2024-02-12 04:04:51 | 98923
/Users/jccp/Desktop/template/lib/gslab_make/sphinx/build/doctrees/pages/utility.doctree | 2024-02-12 04:19:20 | 26708
/Users/jccp/Desktop/template/lib/gslab_make/test/EXCLUDE_test_lyx.py | 2024-02-12 04:19:20 | 9277
/Users/jccp/Desktop/template/lib/gslab_make/sphinx/build/html/pages/api/make_utility/gslab_make.make_utility.update_external_paths.html | 2024-02-12 04:19:20 | 8716
/Users/jccp/Desktop/template/lib/gslab_make/sphinx/build/html/_static/js/html5shiv-printshiv.min.js | 2024-02-12 04:19:20 | 4370
/Users/jccp/Desktop/template/lib/gslab_make/test/raw/tablefill/tablefill_template.lyx | 2024-02-12 04:19:20 | 4256
/Users/jccp/Desktop/template/lib/gslab_make/docs/_static/css/fonts/Roboto-Slab-Bold.woff | 2024-02-12 04:19:20 | 87624
/Users/jccp/Desktop/template/lib/gslab_make/sphinx/source/pages/api/move_sources/gslab_make.move_sources.copy_inputs.rst | 2024-02-12 04:19:20 | 99
/Users/jccp/Desktop/template/lib/gslab_make/gslab_make/private/exceptionclasses.py | 2024-02-12 04:19:20 | 943
/Users/jccp/Desktop/template/lib/gslab_make/sphinx/build/html/pages/api/run_program/gslab_make.run_program.run_sas.html | 2024-02-12 04:19:20 | 12009
/Users/jccp/Desktop/template/lib/gslab_make/sphinx/source/pages/repository.rst | 2024-02-12 04:19:20 | 363
/Users/jccp/Desktop/template/lib/gslab_make/test/raw/log_sources/dir_depth/depth_1.txt | 2024-02-12 04:19:20 | 20
/Users/jccp/Desktop/template/lib/gslab_make/sphinx/build/html/_sources/pages/api/run_program/gslab_make.run_program.run_lyx.rst.txt | 2024-02-12 04:19:20 | 86
/Users/jccp/Desktop/template/lib/gslab_make/docs/_static/fonts/RobotoSlab-Bold.ttf | 2024-02-12 04:19:20 | 170616
/Users/jccp/Desktop/template/lib/gslab_make/test/test_python.py | 2024-02-12 04:19:21 | 7064
/Users/jccp/Desktop/template/lib/gslab_make/CODE_OF_CONDUCT.md | 2024-02-12 04:19:20 | 3353
/Users/jccp/Desktop/template/lib/gslab_make/sphinx/build/html/_sources/pages/api/modify_dir/gslab_make.modify_dir.clear_dir.rst.txt | 2024-02-12 04:19:20 | 91
/Users/jccp/Desktop/template/lib/gslab_make/test/raw/tablefill/tablefill_template_not_enough_values.lyx | 2024-02-12 04:19:20 | 3823
/Users/jccp/Desktop/template/lib/gslab_make/build/lib/gslab_make/textfill.py | 2024-02-12 04:19:20 | 5952
/Users/jccp/Desktop/template/lib/gslab_make/test/raw/config/config_user.yaml | 2024-02-12 04:19:20 | 236
/Users/jccp/Desktop/template/lib/gslab_make/docs/_static/fonts/Lato/lato-bold.woff | 2024-02-12 04:19:20 | 309728
/Users/jccp/Desktop/template/lib/gslab_make/docs/_static/fonts/fontawesome-webfont.woff | 2024-02-12 04:19:20 | 98024
/Users/jccp/Desktop/template/lib/gslab_make/sphinx/source/pages/api/run_program/gslab_make.run_program.run_r.rst | 2024-02-12 04:19:20 | 80
/Users/jccp/Desktop/template/lib/gslab_make/sphinx/build/html/pages/api/write_logs/gslab_make.write_logs.write_to_makelog.html | 2024-02-12 04:19:20 | 7873
/Users/jccp/Desktop/template/lib/gslab_make/test/test_make_utility.py | 2024-02-12 04:19:20 | 4552
/Users/jccp/Desktop/template/lib/gslab_make/docs/_static/underscore.js | 2024-02-12 04:19:20 | 19530
/Users/jccp/Desktop/template/lib/gslab_make/docs/_static/css/fonts/lato-bold-italic.woff2 | 2024-02-12 04:19:20 | 193308
/Users/jccp/Desktop/template/lib/gslab_make/docs/_sources/pages/api/move_sources/gslab_make.move_sources.link_inputs.rst.txt | 2024-02-12 04:19:20 | 99
/Users/jccp/Desktop/template/lib/gslab_make/build/lib/gslab_make/private/messages.py | 2024-02-12 04:19:20 | 5991
/Users/jccp/Desktop/template/lib/gslab_make/test/raw/move_sources/move_bad_key.txt | 2024-02-12 04:19:20 | 48
/Users/jccp/Desktop/template/lib/gslab_make/docs/_static/fonts/RobotoSlab/roboto-slab-v7-bold.ttf | 2024-02-12 04:19:20 | 170616
/Users/jccp/Desktop/template/lib/gslab_make/sphinx/build/html/pages/api/write_source_logs/gslab_make.write_source_logs.write_source_logs.html | 2024-02-12 04:19:20 | 10990
/Users/jccp/Desktop/template/lib/gslab_make/sphinx/source/pages/api/run_program/gslab_make.run_program.run_module.rst | 2024-02-12 04:19:20 | 95
/Users/jccp/Desktop/template/lib/gslab_make/sphinx/build/html/pages/api/check_repo/gslab_make.check_repo.check_module_size.html | 2024-02-12 04:19:20 | 8620
/Users/jccp/Desktop/template/lib/gslab_make/gslab_make/private/__pycache__/movedirective.cpython-310.pyc | 2024-02-12 04:19:24 | 12235
/Users/jccp/Desktop/template/lib/gslab_make/test/raw/tablefill/tablefill.txt | 2024-02-12 04:19:20 | 66
/Users/jccp/Desktop/template/lib/gslab_make/gslab_make/__pycache__/textfill.cpython-312.pyc | 2024-02-12 05:35:35 | 8283
/Users/jccp/Desktop/template/lib/gslab_make/build/lib/test/WIP_test_matlab.py | 2024-02-12 04:19:20 | 8012
/Users/jccp/Desktop/template/lib/gslab_make/docs/pages/api/run_program/gslab_make.run_program.run_sas.html | 2024-02-12 04:19:20 | 12009
/Users/jccp/Desktop/template/lib/gslab_make/sphinx/build/html/_static/css/fonts/Roboto-Slab-Regular.woff2 | 2024-02-12 04:19:20 | 66444
/Users/jccp/Desktop/template/lib/gslab_make/setup.cfg | 2024-02-12 04:19:20 | 416
/Users/jccp/Desktop/template/lib/gslab_make/sphinx/build/html/genindex.html | 2024-02-12 04:19:20 | 13171
/Users/jccp/Desktop/template/lib/gslab_make/docs/_static/fonts/fontawesome-webfont.eot | 2024-02-12 04:19:20 | 165742
/Users/jccp/Desktop/template/lib/gslab_make/docs/_sources/pages/api/move_sources/gslab_make.move_sources.link_externals.rst.txt | 2024-02-12 04:19:20 | 108
/Users/jccp/Desktop/template/lib/gslab_make/build/lib/gslab_make/__init__.py | 2024-02-12 04:19:20 | 2756
/Users/jccp/Desktop/template/lib/gslab_make/sphinx/build/html/_static/fonts/Lato/lato-italic.ttf | 2024-02-12 04:19:20 | 639388
/Users/jccp/Desktop/template/lib/gslab_make/sphinx/build/html/_static/doctools.js | 2024-02-12 04:19:20 | 4472
/Users/jccp/Desktop/template/lib/gslab_make/docs/_static/fonts/Lato/lato-regular.eot | 2024-02-12 04:19:20 | 253461
/Users/jccp/Desktop/template/lib/gslab_make/docs/_static/css/fonts/lato-normal.woff | 2024-02-12 04:19:20 | 309192
/Users/jccp/Desktop/template/lib/gslab_make/test/raw/run_program/r_script.R | 2024-02-12 04:19:20 | 100
/Users/jccp/Desktop/template/lib/gslab_make/sphinx/build/html/_sources/pages/api/run_program/gslab_make.run_program.execute_command.rst.txt | 2024-02-12 04:19:20 | 110
/Users/jccp/Desktop/template/lib/gslab_make/docs/_static/css/fonts/lato-bold.woff2 | 2024-02-12 04:19:20 | 184912
/Users/jccp/Desktop/template/lib/gslab_make/setup.py | 2024-02-12 04:19:20 | 738
/Users/jccp/Desktop/template/lib/gslab_make/docs/_sources/pages/general_logging.rst.txt | 2024-02-12 04:19:20 | 655
/Users/jccp/Desktop/template/lib/gslab_make/gslab_make/__pycache__/write_logs.cpython-312.pyc | 2024-02-12 05:35:34 | 12609
/Users/jccp/Desktop/template/lib/gslab_make/sphinx/build/html/_static/fonts/Inconsolata-Bold.ttf | 2024-02-12 04:19:20 | 109948
/Users/jccp/Desktop/template/lib/gslab_make/sphinx/build/doctrees/pages/api/tablefill/gslab_make.tablefill.tablefill.doctree | 2024-02-12 04:19:20 | 27360
/Users/jccp/Desktop/template/lib/gslab_make/docs/_sources/pages/specifying_paths.rst.txt | 2024-02-12 04:19:20 | 2616
/Users/jccp/Desktop/template/lib/gslab_make/docs/pages/api/run_program/gslab_make.run_program.run_module.html | 2024-02-12 04:19:20 | 10569
/Users/jccp/Desktop/template/lib/gslab_make/sphinx/build/html/pages/api/move_sources/gslab_make.move_sources.link_externals.html | 2024-02-12 04:19:20 | 13451
/Users/jccp/Desktop/template/lib/gslab_make/docs/pages/filling.html | 2024-02-12 04:19:20 | 16869
/Users/jccp/Desktop/template/lib/gslab_make/test/raw/move_sources/move_dir.txt | 2024-02-12 04:19:20 | 54
/Users/jccp/Desktop/template/lib/gslab_make/sphinx/build/html/pages/api/modify_dir/gslab_make.modify_dir.zip_dir.html | 2024-02-12 04:19:20 | 6800
/Users/jccp/Desktop/template/lib/gslab_make/sphinx/source/pages/api/modify_dir/gslab_make.modify_dir.unzip.rst | 2024-02-12 04:19:20 | 79
/Users/jccp/Desktop/template/lib/gslab_make/docs/_static/css/fonts/fontawesome-webfont.eot | 2024-02-12 04:19:20 | 165742
/Users/jccp/Desktop/template/lib/gslab_make/docs/pages/api/make_utility/gslab_make.make_utility.update_internal_paths.html | 2024-02-12 04:19:20 | 8273
/Users/jccp/Desktop/template/lib/gslab_make/docs/_static/css/fonts/Roboto-Slab-Regular.woff | 2024-02-12 04:19:20 | 86288
/Users/jccp/Desktop/template/lib/gslab_make/sphinx/build/html/_static/searchtools.js | 2024-02-12 04:19:20 | 18215
/Users/jccp/Desktop/template/lib/gslab_make/sphinx/source/pages/api/run_program/gslab_make.run_program.run_latex.rst | 2024-02-12 04:19:20 | 92
/Users/jccp/Desktop/template/lib/gslab_make/sphinx/build/html/_static/fonts/RobotoSlab/roboto-slab-v7-bold.woff2 | 2024-02-12 04:19:20 | 67312
/Users/jccp/Desktop/template/lib/gslab_make/sphinx/build/html/_sources/pages/directory.rst.txt | 2024-02-12 04:19:20 | 344
/Users/jccp/Desktop/template/lib/gslab_make/sphinx/build/html/_static/fonts/RobotoSlab/roboto-slab-v7-regular.ttf | 2024-02-12 04:19:20 | 169064
/Users/jccp/Desktop/template/lib/gslab_make/sphinx/build/html/pages/api/run_program/gslab_make.run_program.run_matlab.html | 2024-02-12 04:19:20 | 11601
/Users/jccp/Desktop/template/lib/gslab_make/docs/_sources/pages/api/run_program/gslab_make.run_program.run_module.rst.txt | 2024-02-12 04:19:20 | 95
/Users/jccp/Desktop/template/lib/gslab_make/docs/_static/js/theme.js | 2024-02-12 04:19:20 | 5023
/Users/jccp/Desktop/template/lib/gslab_make/sphinx/build/doctrees/pages/repository.doctree | 2024-02-12 04:19:20 | 23271
/Users/jccp/Desktop/template/lib/gslab_make/docs/pages/api/check_repo/gslab_make.check_repo.get_modified_sources.html | 2024-02-12 04:19:20 | 8985
/Users/jccp/Desktop/template/lib/gslab_make/sphinx/build/html/pages/filling.html | 2024-02-12 04:19:20 | 16869
/Users/jccp/Desktop/template/lib/gslab_make/sphinx/build/html/_sources/pages/api/make_utility/gslab_make.make_utility.update_external_paths.rst.txt | 2024-02-12 04:19:20 | 129
/Users/jccp/Desktop/template/lib/gslab_make/sphinx/source/pages/directory.rst | 2024-02-12 04:19:20 | 344
/Users/jccp/Desktop/template/lib/gslab_make/docs/_sources/pages/api/move_sources/gslab_make.move_sources.copy_externals.rst.txt | 2024-02-12 04:19:20 | 108
/Users/jccp/Desktop/template/lib/gslab_make/build/lib/gslab_make/check_repo.py | 2024-02-12 04:19:20 | 14471
/Users/jccp/Desktop/template/lib/gslab_make/build/lib/test/test_log_outputs.py | 2024-02-12 04:19:20 | 5111
/Users/jccp/Desktop/template/lib/gslab_make/sphinx/build/html/_sources/pages/program.rst.txt | 2024-02-12 04:19:20 | 2704
/Users/jccp/Desktop/template/lib/gslab_make/docs/_sources/pages/api/make_utility/gslab_make.make_utility.update_internal_paths.rst.txt | 2024-02-12 04:19:20 | 129
/Users/jccp/Desktop/template/lib/gslab_make/docs/_sources/pages/dummy.rst.txt | 2024-02-12 04:19:20 | 741
/Users/jccp/Desktop/template/lib/gslab_make/test/raw/run_program/r_script space.R | 2024-02-12 04:19:20 | 100
/Users/jccp/Desktop/template/lib/gslab_make/sphinx/source/pages/filling.rst | 2024-02-12 04:19:20 | 253
/Users/jccp/Desktop/template/lib/gslab_make/docs/_static/fonts/RobotoSlab/roboto-slab-v7-bold.woff | 2024-02-12 04:19:20 | 87624
/Users/jccp/Desktop/template/lib/gslab_make/sphinx/build/html/_static/graphviz.css | 2024-02-12 04:19:20 | 299
/Users/jccp/Desktop/template/lib/gslab_make/sphinx/source/pages/api/run_program/gslab_make.run_program.run_stata.rst | 2024-02-12 04:19:20 | 92
/Users/jccp/Desktop/template/lib/gslab_make/sphinx/source/pages/api/move_sources/gslab_make.move_sources.link_inputs.rst | 2024-02-12 04:19:20 | 99
/Users/jccp/Desktop/template/lib/gslab_make/sphinx/build/html/_static/jquery-3.6.0.js | 2024-02-12 04:19:20 | 288580
/Users/jccp/Desktop/template/lib/gslab_make/test/EXCLUDE_test_perl.py | 2024-02-12 04:19:20 | 8121
/Users/jccp/Desktop/template/lib/gslab_make/gslab_make/private/__pycache__/programdirective.cpython-310.pyc | 2024-02-12 04:19:26 | 10123
/Users/jccp/Desktop/template/lib/gslab_make/docs/_static/fonts/RobotoSlab/roboto-slab-v7-regular.woff2 | 2024-02-12 04:19:20 | 66444
/Users/jccp/Desktop/template/lib/gslab_make/docs/pages/api/write_logs/gslab_make.write_logs.end_makelog.html | 2024-02-12 04:19:20 | 7814
/Users/jccp/Desktop/template/lib/gslab_make/sphinx/Makefile | 2024-02-12 04:19:20 | 683
/Users/jccp/Desktop/template/lib/gslab_make/sphinx/build/html/pages/api/modify_dir/gslab_make.modify_dir.remove_dir.html | 2024-02-12 04:19:20 | 8200
/Users/jccp/Desktop/template/lib/gslab_make/docs/_static/fonts/RobotoSlab/roboto-slab-v7-regular.ttf | 2024-02-12 04:19:20 | 169064
/Users/jccp/Desktop/template/lib/gslab_make/docs/_static/fonts/Lato/lato-bolditalic.ttf | 2024-02-12 04:19:20 | 622572
/Users/jccp/Desktop/template/lib/gslab_make/docs/pages/api/move_sources/gslab_make.move_sources.copy_inputs.html | 2024-02-12 04:19:20 | 13232
/Users/jccp/Desktop/template/lib/gslab_make/docs/_static/css/fonts/lato-normal.woff2 | 2024-02-12 04:19:20 | 182708
/Users/jccp/Desktop/template/lib/gslab_make/docs/_sources/pages/api/run_program/gslab_make.run_program.run_latex.rst.txt | 2024-02-12 04:19:20 | 92
/Users/jccp/Desktop/template/lib/gslab_make/docs/_static/fonts/Lato/lato-bolditalic.eot | 2024-02-12 04:19:20 | 266158
/Users/jccp/Desktop/template/lib/gslab_make/sphinx/build/html/_sources/pages/filling.rst.txt | 2024-02-12 04:19:20 | 253
/Users/jccp/Desktop/template/lib/gslab_make/sphinx/build/html/_sources/pages/api/make_utility/gslab_make.make_utility.update_internal_paths.rst.txt | 2024-02-12 04:19:20 | 129
/Users/jccp/Desktop/template/lib/gslab_make/README.md | 2024-02-12 04:19:20 | 2732
/Users/jccp/Desktop/template/lib/gslab_make/docs/_static/fonts/Lato-Regular.ttf | 2024-02-12 04:19:20 | 656568
/Users/jccp/Desktop/template/lib/gslab_make/docs/_static/graphviz.css | 2024-02-12 04:19:20 | 299
/Users/jccp/Desktop/template/lib/gslab_make/docs/_sources/pages/api/run_program/gslab_make.run_program.run_matlab.rst.txt | 2024-02-12 04:19:20 | 95
/Users/jccp/Desktop/template/lib/gslab_make/sphinx/build/html/_sources/pages/api/move_sources/gslab_make.move_sources.copy_externals.rst.txt | 2024-02-12 04:19:20 | 108
/Users/jccp/Desktop/template/lib/gslab_make/sphinx/source/pages/program.rst | 2024-02-12 04:19:20 | 2704
/Users/jccp/Desktop/template/lib/gslab_make/sphinx/source/pages/utility.rst | 2024-02-12 04:19:20 | 327
/Users/jccp/Desktop/template/lib/gslab_make/build/lib/gslab_make/modify_dir.py | 2024-02-12 04:19:20 | 7384
/Users/jccp/Desktop/template/lib/gslab_make/build/lib/gslab_make/write_version_logs.py | 2024-02-12 04:19:20 | 2610
/Users/jccp/Desktop/template/lib/gslab_make/gslab_make/private/__pycache__/exceptionclasses.cpython-312.pyc | 2024-02-12 05:35:33 | 1898
/Users/jccp/Desktop/template/lib/gslab_make/test/raw/run_program/lyx_file.lyx | 2024-02-12 04:19:20 | 1608
/Users/jccp/Desktop/template/lib/gslab_make/test/raw/move_sources/move_wildcard.txt | 2024-02-12 04:19:20 | 66
/Users/jccp/Desktop/template/lib/gslab_make/docs/_static/fonts/fontawesome-webfont.woff2 | 2024-02-12 04:19:20 | 77160
/Users/jccp/Desktop/template/lib/gslab_make/sphinx/source/conf.py | 2024-02-12 04:19:20 | 1537
/Users/jccp/Desktop/template/lib/gslab_make/sphinx/build/html/_static/fonts/RobotoSlab/roboto-slab-v7-bold.eot | 2024-02-12 04:19:20 | 79520
/Users/jccp/Desktop/template/lib/gslab_make/sphinx/build/html/_static/jquery.js | 2024-02-12 04:19:20 | 89501
/Users/jccp/Desktop/template/lib/gslab_make/test/raw/run_program/python_script_error.py | 2024-02-12 04:19:20 | 5
/Users/jccp/Desktop/template/lib/gslab_make/test/raw/run_program/lyx_file_handout.lyx | 2024-02-12 04:19:20 | 2000
/Users/jccp/Desktop/template/lib/gslab_make/docs/genindex.html | 2024-02-12 04:19:20 | 13171
/Users/jccp/Desktop/template/lib/gslab_make/docs/pages/api/make_utility/gslab_make.make_utility.update_external_paths.html | 2024-02-12 04:19:20 | 8716
/Users/jccp/Desktop/template/lib/gslab_make/test/test_log_outputs.py | 2024-02-12 04:19:20 | 5111
/Users/jccp/Desktop/template/lib/gslab_make/test/utility.py | 2024-02-12 04:19:21 | 1404
/Users/jccp/Desktop/template/lib/gslab_make/build/lib/test/test_makelog.py | 2024-02-12 04:19:20 | 2308
/Users/jccp/Desktop/template/lib/gslab_make/docs/_sources/pages/api/run_program/gslab_make.run_program.run_stata.rst.txt | 2024-02-12 04:19:20 | 92
/Users/jccp/Desktop/template/lib/gslab_make/sphinx/build/html/_sources/pages/api/run_program/gslab_make.run_program.run_module.rst.txt | 2024-02-12 04:19:20 | 95
/Users/jccp/Desktop/template/lib/gslab_make/gslab_make/textfill_info.py | 2024-02-12 04:19:20 | 6314
/Users/jccp/Desktop/template/lib/gslab_make/gslab_make/make_utility.py | 2024-02-12 04:19:20 | 5785
/Users/jccp/Desktop/template/lib/gslab_make/sphinx/build/html/pages/api/run_program/gslab_make.run_program.run_perl.html | 2024-02-12 04:19:20 | 11601
/Users/jccp/Desktop/template/lib/gslab_make/sphinx/source/index.rst | 2024-02-12 04:19:20 | 1039
/Users/jccp/Desktop/template/lib/gslab_make/gslab_make/__pycache__/__init__.cpython-312.pyc | 2024-02-12 05:35:33 | 1833
/Users/jccp/Desktop/template/lib/gslab_make/sphinx/build/html/pages/api/make_utility/gslab_make.make_utility.copy_output.html | 2024-02-12 04:19:20 | 7810
/Users/jccp/Desktop/template/lib/gslab_make/docs/_static/file.png | 2024-02-12 04:19:20 | 286
/Users/jccp/Desktop/template/lib/gslab_make/sphinx/build/html/_static/css/fonts/fontawesome-webfont.woff2 | 2024-02-12 04:19:20 | 77160
/Users/jccp/Desktop/template/lib/gslab_make/gslab_make/__pycache__/run_program.cpython-310.pyc | 2024-02-12 04:19:24 | 32241
/Users/jccp/Desktop/template/lib/gslab_make/gslab_make/private/__init__.py | 2024-02-12 04:19:20 | 0
/Users/jccp/Desktop/template/lib/gslab_make/gslab_make/private/__pycache__/messages.cpython-310.pyc | 2024-02-12 04:19:24 | 5617
/Users/jccp/Desktop/template/lib/gslab_make/test/test_makelog.py | 2024-02-12 04:19:21 | 2308
/Users/jccp/Desktop/template/lib/gslab_make/docs/_sources/pages/api/check_repo/gslab_make.check_repo.get_modified_sources.rst.txt | 2024-02-12 04:19:20 | 124
/Users/jccp/Desktop/template/lib/gslab_make/sphinx/build/html/_sources/pages/general_logging.rst.txt | 2024-02-12 04:19:20 | 655
/Users/jccp/Desktop/template/lib/gslab_make/docs/_sources/pages/api/write_logs/gslab_make.write_logs.write_to_makelog.rst.txt | 2024-02-12 04:19:20 | 112
/Users/jccp/Desktop/template/lib/gslab_make/gslab_make/__pycache__/move_sources.cpython-310.pyc | 2024-02-12 04:19:24 | 17872
/Users/jccp/Desktop/template/lib/gslab_make/build/lib/gslab_make/private/programdirective.py | 2024-02-12 04:19:20 | 10360
/Users/jccp/Desktop/template/lib/gslab_make/sphinx/build/html/pages/api/modify_dir/gslab_make.modify_dir.clear_dir.html | 2024-02-12 04:19:20 | 8001
/Users/jccp/Desktop/template/lib/gslab_make/sphinx/build/doctrees/pages/api/write_source_logs/gslab_make.write_source_logs.write_source_logs.doctree | 2024-02-12 04:19:20 | 18133
/Users/jccp/Desktop/template/lib/gslab_make/sphinx/build/doctrees/pages/api/write_logs/gslab_make.write_logs.log_files_in_output.doctree | 2024-02-12 04:19:20 | 16128
/Users/jccp/Desktop/template/lib/gslab_make/docs/_static/fonts/Lato/lato-italic.ttf | 2024-02-12 04:19:20 | 639388
/Users/jccp/Desktop/template/lib/gslab_make/docs/_static/css/fonts/fontawesome-webfont.ttf | 2024-02-12 04:19:20 | 165548
/Users/jccp/Desktop/template/lib/gslab_make/docs/_static/css/fonts/lato-normal-italic.woff | 2024-02-12 04:19:20 | 328412
/Users/jccp/Desktop/template/lib/gslab_make/test/raw/log_sources/move.txt | 2024-02-12 04:19:20 | 53
/Users/jccp/Desktop/template/lib/gslab_make/docs/_sources/pages/api/run_program/gslab_make.run_program.run_lyx.rst.txt | 2024-02-12 04:19:20 | 86
/Users/jccp/Desktop/template/lib/gslab_make/gslab_make/__pycache__/tablefill.cpython-310.pyc | 2024-02-12 04:19:26 | 18417
/Users/jccp/Desktop/template/lib/gslab_make/docs/_static/fonts/fontawesome-webfont.ttf | 2024-02-12 04:19:20 | 165548
/Users/jccp/Desktop/template/lib/gslab_make/test/raw/config/config.yaml | 2024-02-12 04:19:20 | 1004
/Users/jccp/Desktop/template/lib/gslab_make/docs/pages/api/check_repo/gslab_make.check_repo.check_conda_status.html | 2024-02-12 04:19:20 | 7361
/Users/jccp/Desktop/template/lib/gslab_make/docs/_static/fonts/Lato/lato-bolditalic.woff | 2024-02-12 04:19:20 | 323344
/Users/jccp/Desktop/template/lib/gslab_make/docs/_static/underscore-1.13.1.js | 2024-02-12 04:19:20 | 68420
/Users/jccp/Desktop/template/lib/gslab_make/sphinx/build/doctrees/pages/api/modify_dir/gslab_make.modify_dir.remove_dir.doctree | 2024-02-12 04:19:20 | 10087
/Users/jccp/Desktop/template/lib/gslab_make/docs/_static/fonts/RobotoSlab-Regular.ttf | 2024-02-12 04:19:20 | 169064
/Users/jccp/Desktop/template/lib/gslab_make/docs/_static/fonts/RobotoSlab/roboto-slab-v7-regular.eot | 2024-02-12 04:19:20 | 78331
/Users/jccp/Desktop/template/lib/gslab_make/docs/pages/api/run_program/gslab_make.run_program.run_stata.html | 2024-02-12 04:19:20 | 11880
/Users/jccp/Desktop/template/lib/gslab_make/test/__init__.py | 2024-02-12 04:19:20 | 0
/Users/jccp/Desktop/template/lib/gslab_make/gslab_make/private/__pycache__/programdirective.cpython-312.pyc | 2024-02-12 05:35:35 | 14551
/Users/jccp/Desktop/template/lib/gslab_make/docs/pages/api/modify_dir/gslab_make.modify_dir.unzip.html | 2024-02-12 04:19:20 | 6833
/Users/jccp/Desktop/template/lib/gslab_make/docs/_static/fonts/Lato-Bold.ttf | 2024-02-12 04:19:20 | 656544
/Users/jccp/Desktop/template/lib/gslab_make/sphinx/build/html/_static/js/badge_only.js | 2024-02-12 04:19:20 | 934
/Users/jccp/Desktop/template/lib/gslab_make/sphinx/source/pages/api/check_repo/gslab_make.check_repo.check_module_size.rst | 2024-02-12 04:19:20 | 115
/Users/jccp/Desktop/template/lib/gslab_make/docs/objects.inv | 2024-02-12 04:19:20 | 1891
/Users/jccp/Desktop/template/lib/gslab_make/docs/_sources/pages/api/run_program/gslab_make.run_program.run_jupyter.rst.txt | 2024-02-12 04:19:20 | 98
/Users/jccp/Desktop/template/lib/gslab_make/test/raw/tablefill/tablefill_template_extra_input.lyx | 2024-02-12 04:19:20 | 1736
/Users/jccp/Desktop/template/lib/gslab_make/gslab_make/run_program.py | 2024-02-12 04:19:20 | 42761
/Users/jccp/Desktop/template/lib/gslab_make/gslab_make/textfill.py | 2024-02-12 04:19:20 | 5952
/Users/jccp/Desktop/template/lib/gslab_make/sphinx/build/html/_sources/pages/api/run_program/gslab_make.run_program.run_stat_transfer.rst.txt | 2024-02-12 04:19:20 | 116
/Users/jccp/Desktop/template/lib/gslab_make/sphinx/build/html/_sources/pages/api/move_sources/gslab_make.move_sources.copy_inputs.rst.txt | 2024-02-12 04:19:20 | 99
/Users/jccp/Desktop/template/lib/gslab_make/test/raw/run_program/wrong_extension.txt | 2024-02-12 04:19:20 | 0
/Users/jccp/Desktop/template/lib/gslab_make/sphinx/build/html/_sources/pages/source_logging.rst.txt | 2024-02-12 04:19:20 | 380
/Users/jccp/Desktop/template/lib/gslab_make/docs/_static/_sphinx_javascript_frameworks_compat.js | 2024-02-12 04:19:20 | 4418
/Users/jccp/Desktop/template/lib/gslab_make/docs/pages/api/make_utility/gslab_make.make_utility.update_executables.html | 2024-02-12 04:19:20 | 8548
/Users/jccp/Desktop/template/lib/gslab_make/test/test_move_sources.py | 2024-02-12 04:19:21 | 7262
/Users/jccp/Desktop/template/lib/gslab_make/sphinx/build/html/_static/js/theme.js | 2024-02-12 04:19:20 | 5023
/Users/jccp/Desktop/template/lib/gslab_make/docs/_static/sphinx_highlight.js | 2024-02-12 04:19:20 | 4712
/Users/jccp/Desktop/template/lib/gslab_make/sphinx/build/html/_static/pygments.css | 2024-02-12 04:19:20 | 4902
/Users/jccp/Desktop/template/lib/gslab_make/sphinx/build/doctrees/index.doctree | 2024-02-12 04:19:20 | 5642
/Users/jccp/Desktop/template/lib/gslab_make/sphinx/build/html/_sources/pages/api/move_sources/gslab_make.move_sources.link_externals.rst.txt | 2024-02-12 04:19:20 | 108
/Users/jccp/Desktop/template/lib/gslab_make/docs/_static/fonts/Lato/lato-italic.eot | 2024-02-12 04:19:20 | 268604
/Users/jccp/Desktop/template/lib/gslab_make/test/raw/run_program/python_script_arg.py | 2024-02-12 04:19:20 | 180
/Users/jccp/Desktop/template/lib/gslab_make/docs/_sources/pages/api/make_utility/gslab_make.make_utility.update_executables.rst.txt | 2024-02-12 04:19:20 | 120
/Users/jccp/Desktop/template/lib/gslab_make/sphinx/build/html/pages/sourcing.html | 2024-02-12 04:19:20 | 33580
/Users/jccp/Desktop/template/lib/gslab_make/docs/pages/directory.html | 2024-02-12 04:19:20 | 13028
/Users/jccp/Desktop/template/lib/gslab_make/sphinx/build/html/_sources/pages/api/modify_dir/gslab_make.modify_dir.zip_dir.rst.txt | 2024-02-12 04:19:20 | 85
/Users/jccp/Desktop/template/lib/__init__.py | 2024-02-12 04:04:51 | 0
/Users/jccp/Desktop/template/lib/gslab_make/sphinx/build/html/_static/jquery-3.5.1.js | 2024-02-12 04:19:20 | 287630
/Users/jccp/Desktop/template/lib/gslab_make/sphinx/source/pages/api/write_logs/gslab_make.write_logs.log_files_in_output.rst | 2024-02-12 04:19:20 | 121
/Users/jccp/Desktop/template/lib/gslab_make/sphinx/build/html/_sources/index.rst.txt | 2024-02-12 04:19:20 | 1039
/Users/jccp/Desktop/template/lib/gslab_make/docs/_sources/pages/api/move_sources/gslab_make.move_sources.copy_inputs.rst.txt | 2024-02-12 04:19:20 | 99
/Users/jccp/Desktop/template/lib/gslab_make/sphinx/build/html/_static/css/fonts/fontawesome-webfont.svg | 2024-02-12 04:19:20 | 444379
/Users/jccp/Desktop/template/lib/gslab_make/sphinx/build/html/_sources/pages/api/run_program/gslab_make.run_program.run_python.rst.txt | 2024-02-12 04:19:20 | 95
/Users/jccp/Desktop/template/lib/gslab_make/sphinx/build/html/_sources/pages/api/modify_dir/gslab_make.modify_dir.remove_dir.rst.txt | 2024-02-12 04:19:20 | 94
/Users/jccp/Desktop/template/lib/gslab_make/sphinx/build/html/_static/fonts/Lato-Regular.ttf | 2024-02-12 04:19:20 | 656568
/Users/jccp/Desktop/template/lib/gslab_make/build/lib/gslab_make/tablefill.py | 2024-02-12 04:19:20 | 20325
/Users/jccp/Desktop/template/lib/gslab_make/gslab_make/private/utility.py | 2024-02-12 04:19:20 | 8202
/Users/jccp/Desktop/template/lib/gslab_make/test/raw/run_program/lyx_file_comments_comments.lyx.bak | 2024-02-12 04:19:20 | 1694
/Users/jccp/Desktop/template/lib/gslab_make/sphinx/build/html/_sources/pages/api/check_repo/gslab_make.check_repo.get_modified_sources.rst.txt | 2024-02-12 04:19:20 | 124
/Users/jccp/Desktop/template/lib/gslab_make/sphinx/build/html/_static/fonts/Lato/lato-regular.woff | 2024-02-12 04:19:20 | 309192
/Users/jccp/Desktop/template/lib/gslab_make/sphinx/build/doctrees/pages/api/modify_dir/gslab_make.modify_dir.clear_dir.doctree | 2024-02-12 04:19:20 | 8950
/Users/jccp/Desktop/template/lib/gslab_make/sphinx/source/pages/api/run_program/gslab_make.run_program.run_python.rst | 2024-02-12 04:19:20 | 95
/Users/jccp/Desktop/template/lib/gslab_make/docs/pages/api/write_logs/gslab_make.write_logs.write_to_makelog.html | 2024-02-12 04:19:20 | 7873
/Users/jccp/Desktop/template/lib/gslab_make/sphinx/source/pages/api/run_program/gslab_make.run_program.run_lyx.rst | 2024-02-12 04:19:20 | 86
/Users/jccp/Desktop/template/lib/gslab_make/docs/_static/fonts/Lato/lato-regular.woff | 2024-02-12 04:19:20 | 309192
/Users/jccp/Desktop/template/lib/gslab_make/build/lib/test/EXCLUDE_test_lyx.py | 2024-02-12 04:19:20 | 9277
/Users/jccp/Desktop/template/lib/gslab_make/test/raw/run_program/python_script.py | 2024-02-12 04:19:20 | 169
/Users/jccp/Desktop/template/lib/gslab_make/sphinx/build/html/_sources/pages/api/run_program/gslab_make.run_program.run_jupyter.rst.txt | 2024-02-12 04:19:20 | 98
/Users/jccp/Desktop/template/lib/gslab_make/gslab_make/modify_dir.py | 2024-02-12 04:19:20 | 7384
/Users/jccp/Desktop/template/lib/gslab_make/test/raw/move_sources/file space.txt | 2024-02-12 04:19:20 | 0
/Users/jccp/Desktop/template/lib/gslab_make/build/lib/test/test_modify_dir.py | 2024-02-12 04:19:20 | 7852
/Users/jccp/Desktop/template/lib/gslab_make/docs/pages/api/modify_dir/gslab_make.modify_dir.clear_dir.html | 2024-02-12 04:19:20 | 8001
/Users/jccp/Desktop/template/lib/gslab_make/sphinx/build/html/_static/css/fonts/fontawesome-webfont.woff | 2024-02-12 04:19:20 | 98024
/Users/jccp/Desktop/template/lib/gslab_make/test/WIP_test_latex.py | 2024-02-12 04:19:20 | 2298
/Users/jccp/Desktop/template/lib/gslab_make/test/raw/run_program/stata_script.do | 2024-02-12 04:19:20 | 108
/Users/jccp/Desktop/template/lib/gslab_make/sphinx/source/pages/general_logging.rst | 2024-02-12 04:19:20 | 655
/Users/jccp/Desktop/template/lib/gslab_make/gslab_make/private/__pycache__/utility.cpython-310.pyc | 2024-02-12 04:19:24 | 6585
/Users/jccp/Desktop/template/lib/gslab_make/build/lib/test/test_log_sources.py | 2024-02-12 04:19:20 | 4585
/Users/jccp/Desktop/template/lib/gslab_make/sphinx/build/html/_sources/pages/api/make_utility/gslab_make.make_utility.update_executables.rst.txt | 2024-02-12 04:19:20 | 120
/Users/jccp/Desktop/template/lib/gslab_make/sphinx/build/doctrees/pages/api/make_utility/gslab_make.make_utility.update_executables.doctree | 2024-02-12 04:19:20 | 9465
/Users/jccp/Desktop/template/lib/gslab_make/docs/pages/program.html | 2024-02-12 04:19:20 | 63451
/Users/jccp/Desktop/template/lib/gslab_make/sphinx/source/pages/api/run_program/gslab_make.run_program.run_mathematica.rst | 2024-02-12 04:19:20 | 110
/Users/jccp/Desktop/template/lib/gslab_make/sphinx/build/html/_static/fonts/fontawesome-webfont.woff | 2024-02-12 04:19:20 | 98024
/Users/jccp/Desktop/template/lib/gslab_make/test/README.md | 2024-02-12 04:19:20 | 830
/Users/jccp/Desktop/template/lib/gslab_make/test/raw/log_sources/dir space/file space.txt | 2024-02-12 04:19:20 | 20
/Users/jccp/Desktop/template/lib/gslab_make/sphinx/source/pages/api/make_utility/gslab_make.make_utility.copy_output.rst | 2024-02-12 04:19:20 | 99
/Users/jccp/Desktop/template/lib/gslab_make/build/lib/test/test_tablefill.py | 2024-02-12 04:19:20 | 4244
/Users/jccp/Desktop/template/lib/gslab_make/docs/pages/api/modify_dir/gslab_make.modify_dir.zip_dir.html | 2024-02-12 04:19:20 | 6800
/Users/jccp/Desktop/template/lib/gslab_make/docs/_sources/pages/api/run_program/gslab_make.run_program.run_mathematica.rst.txt | 2024-02-12 04:19:20 | 110
/Users/jccp/Desktop/template/lib/gslab_make/sphinx/build/html/_static/fonts/Lato/lato-bolditalic.woff2 | 2024-02-12 04:19:20 | 193308
/Users/jccp/Desktop/template/lib/gslab_make/test/raw/run_program/matlab_script_error.m | 2024-02-12 04:19:20 | 5
/Users/jccp/Desktop/template/lib/gslab_make/gslab_make/tablefill_info.py | 2024-02-12 04:19:20 | 8432
/Users/jccp/Desktop/template/lib/gslab_make/sphinx/build/html/pages/api/run_program/gslab_make.run_program.run_module.html | 2024-02-12 04:19:20 | 10569
/Users/jccp/Desktop/template/lib/gslab_make/test/raw/run_program/r_script_error.R | 2024-02-12 04:19:20 | 5
/Users/jccp/Desktop/template/lib/gslab_make/test/raw/tablefill/tablefill_template_too_many_values.lyx | 2024-02-12 04:19:20 | 4701
/Users/jccp/Desktop/template/lib/gslab_make/sphinx/build/html/pages/program.html | 2024-02-12 04:19:20 | 63451
/Users/jccp/Desktop/template/lib/gslab_make/build/lib/gslab_make/write_logs.py | 2024-02-12 04:19:20 | 10665
/Users/jccp/Desktop/template/lib/gslab_make/sphinx/build/html/_static/fonts/Lato/lato-bolditalic.ttf | 2024-02-12 04:19:20 | 622572
/Users/jccp/Desktop/template/lib/gslab_make/sphinx/source/pages/dummy.rst | 2024-02-12 04:19:20 | 741
/Users/jccp/Desktop/template/raw/chips.csv | 2024-02-12 04:04:51 | 8758851
/Users/jccp/Desktop/template/lib/gslab_make/docs/_sources/pages/api/make_utility/gslab_make.make_utility.update_paths.rst.txt | 2024-02-12 04:19:20 | 102
/Users/jccp/Desktop/template/lib/gslab_make/docs/_sources/pages/api/modify_dir/gslab_make.modify_dir.clear_dir.rst.txt | 2024-02-12 04:19:20 | 91
/Users/jccp/Desktop/template/lib/gslab_make/test/raw/run_program/stata_script_error.do | 2024-02-12 04:19:20 | 5
/Users/jccp/Desktop/template/lib/gslab_make/docs/_static/fonts/Lato/lato-bolditalic.woff2 | 2024-02-12 04:19:20 | 193308
/Users/jccp/Desktop/template/lib/gslab_make/sphinx/build/doctrees/pages/filling.doctree | 2024-02-12 04:19:20 | 28178
/Users/jccp/Desktop/template/lib/gslab_make/gslab_make/__pycache__/write_logs.cpython-310.pyc | 2024-02-12 04:19:24 | 8943
/Users/jccp/Desktop/template/lib/gslab_make/gslab_make/__pycache__/write_version_logs.cpython-312.pyc | 2024-02-12 05:35:35 | 3467
/Users/jccp/Desktop/template/lib/gslab_make/docs/_static/fonts/fontawesome-webfont.svg | 2024-02-12 04:19:20 | 444379
/Users/jccp/Desktop/template/lib/gslab_make/build/lib/gslab_make/tablefill_info.py | 2024-02-12 04:19:20 | 8432
/Users/jccp/Desktop/template/lib/gslab_make/sphinx/build/html/pages/api/check_repo/gslab_make.check_repo.get_modified_sources.html | 2024-02-12 04:19:20 | 8985
/Users/jccp/Desktop/template/lib/gslab_make/sphinx/build/html/_static/css/fonts/Roboto-Slab-Bold.woff | 2024-02-12 04:19:20 | 87624
/Users/jccp/Desktop/template/lib/gslab_make/sphinx/source/pages/sourcing.rst | 2024-02-12 04:19:20 | 548
/Users/jccp/Desktop/template/lib/gslab_make/test/raw/run_program/lyx_file_error.lyx | 2024-02-12 04:19:20 | 5
/Users/jccp/Desktop/template/lib/gslab_make/sphinx/build/html/_static/css/fonts/Roboto-Slab-Bold.woff2 | 2024-02-12 04:19:20 | 67312
/Users/jccp/Desktop/template/lib/gslab_make/docs/_sources/pages/repository.rst.txt | 2024-02-12 04:19:20 | 363
/Users/jccp/Desktop/template/lib/gslab_make/docs/_sources/pages/api/run_program/gslab_make.run_program.execute_command.rst.txt | 2024-02-12 04:19:20 | 110
/Users/jccp/Desktop/template/lib/gslab_make/sphinx/build/html/_static/css/fonts/lato-normal.woff | 2024-02-12 04:19:20 | 309192
/Users/jccp/Desktop/template/lib/gslab_make/gslab_make/private/__pycache__/exceptionclasses.cpython-310.pyc | 2024-02-12 04:19:24 | 1478
/Users/jccp/Desktop/template/lib/gslab_make/gslab_make/__pycache__/modify_dir.cpython-312.pyc | 2024-02-12 05:35:34 | 9280
/Users/jccp/Desktop/template/lib/gslab_make/sphinx/make.bat | 2024-02-12 04:19:20 | 941
/Users/jccp/Desktop/template/lib/gslab_make/test/raw/run_program/lyx_file_beamer.lyx | 2024-02-12 04:19:20 | 2000
/Users/jccp/Desktop/template/lib/gslab_make/sphinx/build/html/pages/api/run_program/gslab_make.run_program.run_stat_transfer.html | 2024-02-12 04:19:20 | 11737
/Users/jccp/Desktop/template/lib/gslab_make/sphinx/build/html/_sources/pages/api/move_sources/gslab_make.move_sources.link_inputs.rst.txt | 2024-02-12 04:19:20 | 99
/Users/jccp/Desktop/template/lib/gslab_make/build/lib/test/EXCLUDE_test_perl.py | 2024-02-12 04:19:20 | 8121
/Users/jccp/Desktop/template/lib/gslab_make/sphinx/build/doctrees/pages/dummy.doctree | 2024-02-12 04:19:20 | 50010
/Users/jccp/Desktop/template/lib/gslab_make/docs/_sources/pages/api/check_repo/gslab_make.check_repo.check_conda_status.rst.txt | 2024-02-12 04:19:20 | 118
/Users/jccp/Desktop/template/lib/gslab_make/sphinx/build/html/_static/fonts/Lato/lato-bold.eot | 2024-02-12 04:19:20 | 256056
/Users/jccp/Desktop/template/lib/gslab_make/sphinx/build/html/_sources/pages/repository.rst.txt | 2024-02-12 04:19:20 | 363
/Users/jccp/Desktop/template/lib/gslab_make/gslab_make/__pycache__/write_source_logs.cpython-310.pyc | 2024-02-12 04:19:26 | 4671
/Users/jccp/Desktop/template/lib/gslab_make/sphinx/build/doctrees/pages/specifying_paths.doctree | 2024-02-12 04:19:20 | 15321
/Users/jccp/Desktop/template/lib/gslab_make/docs/_static/jquery.js | 2024-02-12 04:19:20 | 89501
/Users/jccp/Desktop/template/lib/gslab_make/build/lib/gslab_make/run_program.py | 2024-02-12 04:19:20 | 42182
/Users/jccp/Desktop/template/lib/gslab_make/sphinx/build/doctrees/pages/api/run_program/gslab_make.run_program.run_jupyter.doctree | 2024-02-12 04:19:20 | 13218
/Users/jccp/Desktop/template/lib/gslab_make/docs/_static/language_data.js | 2024-02-12 04:19:20 | 4758
/Users/jccp/Desktop/template/lib/gslab_make/docs/search.html | 2024-02-12 04:19:20 | 4838
/Users/jccp/Desktop/template/lib/gslab_make/sphinx/build/html/_static/css/fonts/lato-normal-italic.woff | 2024-02-12 04:19:20 | 328412
/Users/jccp/Desktop/template/lib/gslab_make/sphinx/source/pages/api/make_utility/gslab_make.make_utility.update_paths.rst | 2024-02-12 04:19:20 | 102
/Users/jccp/Desktop/template/lib/gslab_make/sphinx/build/html/_static/css/fonts/fontawesome-webfont.eot | 2024-02-12 04:19:20 | 165742
/Users/jccp/Desktop/template/lib/gslab_make/sphinx/build/html/pages/api/move_sources/gslab_make.move_sources.copy_inputs.html | 2024-02-12 04:19:20 | 13232
/Users/jccp/Desktop/template/lib/gslab_make/test/WIP_test_matlab.py | 2024-02-12 04:19:20 | 8012
/Users/jccp/Desktop/template/lib/gslab_make/sphinx/build/html/_static/fonts/Lato-Bold.ttf | 2024-02-12 04:19:20 | 656544
/Users/jccp/Desktop/template/lib/gslab_make/gslab_make/private/messages.py | 2024-02-12 04:19:20 | 5991
/Users/jccp/Desktop/template/lib/gslab_make/docs/_static/fonts/Lato/lato-italic.woff | 2024-02-12 04:19:20 | 328412
/Users/jccp/Desktop/template/lib/gslab_make/sphinx/build/doctrees/pages/api/check_repo/gslab_make.check_repo.check_conda_status.doctree | 2024-02-12 04:19:20 | 6102
/Users/jccp/Desktop/template/lib/gslab_make/docs/_sources/pages/api/check_repo/gslab_make.check_repo.check_module_size.rst.txt | 2024-02-12 04:19:20 | 115
/Users/jccp/Desktop/template/lib/gslab_make/docs/_sources/pages/api/write_source_logs/gslab_make.write_source_logs.write_source_logs.rst.txt | 2024-02-12 04:19:20 | 122
/Users/jccp/Desktop/template/lib/gslab_make/sphinx/source/pages/api/make_utility/gslab_make.make_utility.update_executables.rst | 2024-02-12 04:19:20 | 120
/Users/jccp/Desktop/template/lib/gslab_make/sphinx/build/html/pages/dummy.html | 2024-02-12 04:19:20 | 17663
/Users/jccp/Desktop/template/lib/gslab_make/sphinx/build/html/pages/api/move_sources/gslab_make.move_sources.link_inputs.html | 2024-02-12 04:19:20 | 13411
/Users/jccp/Desktop/template/lib/gslab_make/docs/_sources/pages/api/run_program/gslab_make.run_program.run_sas.rst.txt | 2024-02-12 04:19:20 | 86
/Users/jccp/Desktop/template/lib/gslab_make/sphinx/build/html/_static/fonts/RobotoSlab/roboto-slab-v7-regular.eot | 2024-02-12 04:19:20 | 78331
/Users/jccp/Desktop/template/lib/gslab_make/sphinx/build/html/_static/fonts/RobotoSlab/roboto-slab-v7-bold.woff | 2024-02-12 04:19:20 | 87624
/Users/jccp/Desktop/template/lib/gslab_make/sphinx/source/pages/source_logging.rst | 2024-02-12 04:19:20 | 380
/Users/jccp/Desktop/template/lib/gslab_make/sphinx/build/html/_static/fonts/fontawesome-webfont.eot | 2024-02-12 04:19:20 | 165742
/Users/jccp/Desktop/template/lib/gslab_make/sphinx/build/html/_static/css/fonts/lato-bold-italic.woff2 | 2024-02-12 04:19:20 | 193308
/Users/jccp/Desktop/template/lib/gslab_make/docs/pages/api/write_logs/gslab_make.write_logs.log_files_in_output.html | 2024-02-12 04:19:20 | 11010
/Users/jccp/Desktop/template/lib/gslab_make/sphinx/build/html/_static/js/html5shiv.min.js | 2024-02-12 04:19:20 | 2734
/Users/jccp/Desktop/template/lib/gslab_make/sphinx/source/pages/api/write_logs/gslab_make.write_logs.start_makelog.rst | 2024-02-12 04:19:20 | 103
/Users/jccp/Desktop/template/lib/gslab_make/sphinx/build/doctrees/pages/api/make_utility/gslab_make.make_utility.copy_output.doctree | 2024-02-12 04:19:20 | 7010
/Users/jccp/Desktop/template/lib/gslab_make/LICENSE.txt | 2024-02-12 04:19:20 | 1083
/Users/jccp/Desktop/template/lib/gslab_make/docs/pages/api/move_sources/gslab_make.move_sources.link_externals.html | 2024-02-12 04:19:20 | 13451
/Users/jccp/Desktop/template/lib/gslab_make/docs/pages/api/move_sources/gslab_make.move_sources.link_inputs.html | 2024-02-12 04:19:20 | 13411
/Users/jccp/Desktop/template/lib/gslab_make/sphinx/build/html/pages/api/modify_dir/gslab_make.modify_dir.unzip.html | 2024-02-12 04:19:20 | 6833
/Users/jccp/Desktop/template/lib/gslab_make/docs/_static/fonts/RobotoSlab/roboto-slab-v7-bold.woff2 | 2024-02-12 04:19:20 | 67312
/Users/jccp/Desktop/template/lib/gslab_make/sphinx/build/html/_static/underscore-1.13.1.js | 2024-02-12 04:19:20 | 68420
/Users/jccp/Desktop/template/lib/gslab_make/docs/_static/css/fonts/lato-normal-italic.woff2 | 2024-02-12 04:19:20 | 195704
/Users/jccp/Desktop/template/lib/gslab_make/sphinx/build/doctrees/pages/directory.doctree | 2024-02-12 04:19:20 | 25713
/Users/jccp/Desktop/template/lib/gslab_make/sphinx/build/html/_static/fonts/Lato/lato-bold.ttf | 2024-02-12 04:19:20 | 600856
/Users/jccp/Desktop/template/lib/gslab_make/sphinx/build/html/_static/fonts/Lato/lato-bolditalic.eot | 2024-02-12 04:19:20 | 266158
/Users/jccp/Desktop/template/lib/gslab_make/test/raw/run_program/latex_file.tex | 2024-02-12 04:19:20 | 276
/Users/jccp/Desktop/template/lib/gslab_make/test/raw/move_sources/move_bad.txt | 2024-02-12 04:19:20 | 31
/Users/jccp/Desktop/template/lib/gslab_make/sphinx/source/pages/specifying_paths.rst | 2024-02-12 04:19:20 | 2616
/Users/jccp/Desktop/template/lib/gslab_make/sphinx/build/html/pages/api/write_logs/gslab_make.write_logs.end_makelog.html | 2024-02-12 04:19:20 | 7814
/Users/jccp/Desktop/template/lib/gslab_make/test/raw/config/config_user_bad.yaml | 2024-02-12 04:19:20 | 131
/Users/jccp/Desktop/template/lib/gslab_make/sphinx/build/html/pages/api/run_program/gslab_make.run_program.run_stata.html | 2024-02-12 04:19:20 | 11880
/Users/jccp/Desktop/template/lib/gslab_make/sphinx/build/html/_static/minus.png | 2024-02-12 04:19:20 | 90
/Users/jccp/Desktop/template/lib/gslab_make/docs/_sources/pages/utility.rst.txt | 2024-02-12 04:19:20 | 327
/Users/jccp/Desktop/template/lib/gslab_make/gslab_make/__pycache__/move_sources.cpython-312.pyc | 2024-02-12 05:35:34 | 20170
/Users/jccp/Desktop/template/lib/gslab_make/sphinx/build/html/pages/api/run_program/gslab_make.run_program.run_latex.html | 2024-02-12 04:19:20 | 12050
/Users/jccp/Desktop/template/lib/gslab_make/sphinx/build/html/_static/language_data.js | 2024-02-12 04:19:20 | 4758
/Users/jccp/Desktop/template/lib/gslab_make/sphinx/build/html/_static/sphinx_highlight.js | 2024-02-12 04:19:20 | 4712
/Users/jccp/Desktop/template/lib/gslab_make/sphinx/build/doctrees/pages/api/run_program/gslab_make.run_program.run_stat_transfer.doctree | 2024-02-12 04:19:20 | 17730
/Users/jccp/Desktop/template/lib/gslab_make/sphinx/build/doctrees/pages/api/move_sources/gslab_make.move_sources.link_externals.doctree | 2024-02-12 04:19:20 | 19724
/Users/jccp/Desktop/template/lib/gslab_make/sphinx/build/html/_sources/pages/api/make_utility/gslab_make.make_utility.update_paths.rst.txt | 2024-02-12 04:19:20 | 102
/Users/jccp/Desktop/template/lib/gslab_make/docs/pages/specifying_paths.html | 2024-02-12 04:19:20 | 12156
/Users/jccp/Desktop/template/lib/gslab_make/docs/pages/api/make_utility/gslab_make.make_utility.copy_output.html | 2024-02-12 04:19:20 | 7810
/Users/jccp/Desktop/template/lib/gslab_make/test/test_modify_dir.py | 2024-02-12 04:19:21 | 7852
/Users/jccp/Desktop/template/lib/gslab_make/build/lib/gslab_make/textfill_info.py | 2024-02-12 04:19:20 | 6314
/Users/jccp/Desktop/template/lib/gslab_make/sphinx/build/html/_static/basic.css | 2024-02-12 04:19:20 | 14810
/Users/jccp/Desktop/template/lib/gslab_make/sphinx/build/html/_static/css/theme.css | 2024-02-12 04:19:20 | 135314
/Users/jccp/Desktop/template/lib/gslab_make/test/raw/run_program/perl_script_arg.pl | 2024-02-12 04:19:20 | 206
/Users/jccp/Desktop/template/lib/gslab_make/docs/_static/fonts/Inconsolata-Regular.ttf | 2024-02-12 04:19:20 | 96964
/Users/jccp/Desktop/template/lib/gslab_make/sphinx/build/html/_sources/pages/api/write_logs/gslab_make.write_logs.start_makelog.rst.txt | 2024-02-12 04:19:20 | 103
/Users/jccp/Desktop/template/lib/gslab_make/docs/_static/css/fonts/lato-bold.woff | 2024-02-12 04:19:20 | 309728
/Users/jccp/Desktop/template/lib/gslab_make/docs/_static/css/fonts/fontawesome-webfont.woff2 | 2024-02-12 04:19:20 | 77160
/Users/jccp/Desktop/template/lib/gslab_make/test/raw/run_program/lyx_file space.lyx | 2024-02-12 04:19:20 | 1608
/Users/jccp/Desktop/template/lib/gslab_make/sphinx/build/html/_static/documentation_options.js | 2024-02-12 04:19:20 | 420
/Users/jccp/Desktop/template/lib/gslab_make/sphinx/build/html/_static/_sphinx_javascript_frameworks_compat.js | 2024-02-12 04:19:20 | 4418
/Users/jccp/Desktop/template/lib/gslab_make/sphinx/source/pages/api/modify_dir/gslab_make.modify_dir.clear_dir.rst | 2024-02-12 04:19:20 | 91
/Users/jccp/Desktop/template/lib/gslab_make/build/lib/gslab_make/private/metadata.py | 2024-02-12 04:19:20 | 4133
/Users/jccp/Desktop/template/lib/gslab_make/sphinx/build/html/_static/fonts/Lato/lato-italic.woff2 | 2024-02-12 04:19:20 | 195704
/Users/jccp/Desktop/template/lib/gslab_make/sphinx/build/html/pages/api/make_utility/gslab_make.make_utility.update_paths.html | 2024-02-12 04:19:20 | 7824
/Users/jccp/Desktop/template/lib/gslab_make/docs/pages/dummy.html | 2024-02-12 04:19:20 | 17663
/Users/jccp/Desktop/template/lib/gslab_make/gslab_make/__pycache__/write_source_logs.cpython-312.pyc | 2024-02-12 05:35:35 | 5533
/Users/jccp/Desktop/template/lib/gslab_make/sphinx/build/doctrees/pages/api/make_utility/gslab_make.make_utility.update_external_paths.doctree | 2024-02-12 04:19:20 | 9360
/Users/jccp/Desktop/template/lib/gslab_make/docs/_sources/pages/directory.rst.txt | 2024-02-12 04:19:20 | 344
/Users/jccp/Desktop/template/lib/gslab_make/docs/_static/fonts/RobotoSlab/roboto-slab-v7-bold.eot | 2024-02-12 04:19:20 | 79520
/Users/jccp/Desktop/template/lib/gslab_make/sphinx/build/doctrees/pages/api/run_program/gslab_make.run_program.run_r.doctree | 2024-02-12 04:19:20 | 17341
/Users/jccp/Desktop/template/lib/gslab_make/sphinx/build/doctrees/pages/api/make_utility/gslab_make.make_utility.update_paths.doctree | 2024-02-12 04:19:20 | 6897
/Users/jccp/Desktop/template/lib/gslab_make/build/lib/test/utility.py | 2024-02-12 04:19:20 | 1404
/Users/jccp/Desktop/template/lib/gslab_make/build/lib/test/test_move_sources.py | 2024-02-12 04:19:20 | 7262
/Users/jccp/Desktop/template/lib/gslab_make/test/raw/run_program/perl_script space.pl | 2024-02-12 04:19:20 | 208
/Users/jccp/Desktop/template/lib/gslab_make/sphinx/build/html/pages/general_logging.html | 2024-02-12 04:19:20 | 15121
/Users/jccp/Desktop/template/lib/gslab_make/docs/_static/plus.png | 2024-02-12 04:19:20 | 90
/Users/jccp/Desktop/template/lib/gslab_make/gslab_make/private/programdirective.py | 2024-02-12 04:19:20 | 10360
/Users/jccp/Desktop/template/lib/gslab_make/test/raw/run_program/perl_script.pl | 2024-02-12 04:19:20 | 208
/Users/jccp/Desktop/template/lib/gslab_make/build/lib/gslab_make/move_sources.py | 2024-02-12 04:19:20 | 19397
/Users/jccp/Desktop/template/lib/gslab_make/sphinx/build/doctrees/pages/api/run_program/gslab_make.run_program.run_mathematica.doctree | 2024-02-12 04:19:20 | 17521
/Users/jccp/Desktop/template/lib/gslab_make/sphinx/source/pages/api/run_program/gslab_make.run_program.run_stat_transfer.rst | 2024-02-12 04:19:20 | 116
/Users/jccp/Desktop/template/lib/gslab_make/sphinx/build/doctrees/pages/api/modify_dir/gslab_make.modify_dir.zip_dir.doctree | 2024-02-12 04:19:20 | 6952
/Users/jccp/Desktop/template/lib/gslab_make/build/lib/test/EXCLUDE_test_stata.py | 2024-02-12 04:19:20 | 8022
/Users/jccp/Desktop/template/lib/gslab_make/docs/pages/sourcing.html | 2024-02-12 04:19:20 | 33580
/Users/jccp/Desktop/template/lib/gslab_make/sphinx/build/doctrees/pages/api/run_program/gslab_make.run_program.run_module.doctree | 2024-02-12 04:19:20 | 12237
/Users/jccp/Desktop/template/lib/gslab_make/sphinx/build/html/_static/fonts/Inconsolata.ttf | 2024-02-12 04:19:20 | 63184
/Users/jccp/Desktop/template/lib/gslab_make/gslab_make/write_logs.py | 2024-02-12 04:19:20 | 10665
/Users/jccp/Desktop/template/lib/gslab_make/sphinx/build/html/_static/fonts/Lato/lato-bolditalic.woff | 2024-02-12 04:19:20 | 323344
/Users/jccp/Desktop/template/lib/gslab_make/test/raw/run_program/matlab_script space.m | 2024-02-12 04:19:20 | 84
/Users/jccp/Desktop/template/lib/gslab_make/gslab_make/__pycache__/check_repo.cpython-310.pyc | 2024-02-12 04:19:24 | 13639
/Users/jccp/Desktop/template/lib/gslab_make/docs/_static/css/fonts/Roboto-Slab-Bold.woff2 | 2024-02-12 04:19:20 | 67312
